2025-07-18 11:14:51 - fractal_editor.error_handling - ERROR - handle_general_error:218 - 一般エラー - コンテキスト: , エラー: テストエラー 0
NoneType: None
2025-07-18 11:14:51 - fractal_editor.error_handling - ERROR - handle_general_error:218 - 一般エラー - コンテキスト: , エラー: テストエラー 1
NoneType: None
2025-07-18 11:14:51 - fractal_editor.error_handling - ERROR - handle_general_error:218 - 一般エラー - コンテキスト: , エラー: テストエラー 2
NoneType: None
2025-07-18 11:14:51 - fractal_editor.error_handling - ERROR - handle_general_error:218 - 一般エラー - コンテキスト: , エラー: テストエラー 3
NoneType: None
2025-07-18 11:14:51 - fractal_editor.error_handling - ERROR - handle_general_error:218 - 一般エラー - コンテキスト: , エラー: テストエラー 4
NoneType: None
2025-07-18 11:14:51 - fractal_editor.error_handling - CRITICAL - handle_critical_error:231 - クリティカルエラー - コンテキスト: システム初期化, エラー: クリティカルエラー
NoneType: None
2025-07-18 11:14:51 - fractal_editor.error_handling - ERROR - handle_general_error:218 - 一般エラー - コンテキスト: , エラー: テストエラー 0
NoneType: None
2025-07-18 11:14:51 - fractal_editor.error_handling - ERROR - handle_general_error:218 - 一般エラー - コンテキスト: , エラー: テストエラー 1
NoneType: None
2025-07-18 11:14:51 - fractal_editor.error_handling - ERROR - handle_general_error:218 - 一般エラー - コンテキスト: , エラー: テストエラー 2
NoneType: None
2025-07-18 11:14:51 - fractal_editor.error_handling - ERROR - handle_general_error:218 - 一般エラー - コンテキスト: , エラー: テストエラー 3
NoneType: None
2025-07-18 11:14:51 - fractal_editor.error_handling - ERROR - handle_general_error:218 - 一般エラー - コンテキスト: , エラー: テストエラー 4
NoneType: None
2025-07-18 11:14:51 - fractal_editor.error_handling - ERROR - handle_general_error:218 - 一般エラー - コンテキスト: , エラー: テストエラー 5
NoneType: None
2025-07-18 11:14:51 - fractal_editor.error_handling - ERROR - handle_general_error:218 - 一般エラー - コンテキスト: , エラー: テストエラー 6
NoneType: None
2025-07-18 11:14:51 - fractal_editor.error_handling - ERROR - handle_general_error:218 - 一般エラー - コンテキスト: , エラー: テストエラー 7
NoneType: None
2025-07-18 11:14:51 - fractal_editor.error_handling - ERROR - handle_general_error:218 - 一般エラー - コンテキスト: , エラー: テストエラー 8
NoneType: None
2025-07-18 11:14:51 - fractal_editor.error_handling - ERROR - handle_general_error:218 - 一般エラー - コンテキスト: , エラー: テストエラー 9
NoneType: None
2025-07-18 11:14:51 - fractal_editor.error_handling - ERROR - handle_general_error:218 - 一般エラー - コンテキスト: , エラー: テストエラー 10
NoneType: None
2025-07-18 11:14:51 - fractal_editor.error_handling - ERROR - handle_general_error:218 - 一般エラー - コンテキスト: , エラー: テストエラー 11
NoneType: None
2025-07-18 11:14:51 - fractal_editor.error_handling - ERROR - handle_general_error:218 - 一般エラー - コンテキスト: , エラー: テストエラー 12
NoneType: None
2025-07-18 11:14:51 - fractal_editor.error_handling - ERROR - handle_general_error:218 - 一般エラー - コンテキスト: , エラー: テストエラー 13
NoneType: None
2025-07-18 11:14:51 - fractal_editor.error_handling - ERROR - handle_general_error:218 - 一般エラー - コンテキスト: , エラー: テストエラー 14
NoneType: None
2025-07-18 11:14:51 - fractal_editor.error_handling - ERROR - handle_general_error:218 - 一般エラー - コンテキスト: , エラー: テストエラー 15
NoneType: None
2025-07-18 11:14:51 - fractal_editor.error_handling - ERROR - handle_general_error:218 - 一般エラー - コンテキスト: , エラー: テストエラー 16
NoneType: None
2025-07-18 11:14:51 - fractal_editor.error_handling - ERROR - handle_general_error:218 - 一般エラー - コンテキスト: , エラー: テストエラー 17
NoneType: None
2025-07-18 11:14:51 - fractal_editor.error_handling - ERROR - handle_general_error:218 - 一般エラー - コンテキスト: , エラー: テストエラー 18
NoneType: None
2025-07-18 11:14:51 - fractal_editor.error_handling - ERROR - handle_general_error:218 - 一般エラー - コンテキスト: , エラー: テストエラー 19
NoneType: None
2025-07-18 11:14:51 - fractal_editor.error_handling - ERROR - handle_general_error:218 - 一般エラー - コンテキスト: , エラー: テストエラー 20
NoneType: None
2025-07-18 11:14:51 - fractal_editor.error_handling - ERROR - handle_general_error:218 - 一般エラー - コンテキスト: , エラー: テストエラー 21
NoneType: None
2025-07-18 11:14:51 - fractal_editor.error_handling - ERROR - handle_general_error:218 - 一般エラー - コンテキスト: , エラー: テストエラー 22
NoneType: None
2025-07-18 11:14:51 - fractal_editor.error_handling - ERROR - handle_general_error:218 - 一般エラー - コンテキスト: , エラー: テストエラー 23
NoneType: None
2025-07-18 11:14:51 - fractal_editor.error_handling - ERROR - handle_general_error:218 - 一般エラー - コンテキスト: , エラー: テストエラー 24
NoneType: None
2025-07-18 11:14:51 - fractal_editor.error_handling - ERROR - handle_general_error:218 - 一般エラー - コンテキスト: , エラー: テストエラー 25
NoneType: None
2025-07-18 11:14:51 - fractal_editor.error_handling - ERROR - handle_general_error:218 - 一般エラー - コンテキスト: , エラー: テストエラー 26
NoneType: None
2025-07-18 11:14:51 - fractal_editor.error_handling - ERROR - handle_general_error:218 - 一般エラー - コンテキスト: , エラー: テストエラー 27
NoneType: None
2025-07-18 11:14:51 - fractal_editor.error_handling - ERROR - handle_general_error:218 - 一般エラー - コンテキスト: , エラー: テストエラー 28
NoneType: None
2025-07-18 11:14:51 - fractal_editor.error_handling - ERROR - handle_general_error:218 - 一般エラー - コンテキスト: , エラー: テストエラー 29
NoneType: None
2025-07-18 11:14:51 - fractal_editor.error_handling - ERROR - handle_general_error:218 - 一般エラー - コンテキスト: , エラー: テストエラー 30
NoneType: None
2025-07-18 11:14:51 - fractal_editor.error_handling - ERROR - handle_general_error:218 - 一般エラー - コンテキスト: , エラー: テストエラー 31
NoneType: None
2025-07-18 11:14:51 - fractal_editor.error_handling - ERROR - handle_general_error:218 - 一般エラー - コンテキスト: , エラー: テストエラー 32
NoneType: None
2025-07-18 11:14:51 - fractal_editor.error_handling - ERROR - handle_general_error:218 - 一般エラー - コンテキスト: , エラー: テストエラー 33
NoneType: None
2025-07-18 11:14:51 - fractal_editor.error_handling - ERROR - handle_general_error:218 - 一般エラー - コンテキスト: , エラー: テストエラー 34
NoneType: None
2025-07-18 11:14:51 - fractal_editor.error_handling - ERROR - handle_general_error:218 - 一般エラー - コンテキスト: , エラー: テストエラー 35
NoneType: None
2025-07-18 11:14:51 - fractal_editor.error_handling - ERROR - handle_general_error:218 - 一般エラー - コンテキスト: , エラー: テストエラー 36
NoneType: None
2025-07-18 11:14:51 - fractal_editor.error_handling - ERROR - handle_general_error:218 - 一般エラー - コンテキスト: , エラー: テストエラー 37
NoneType: None
2025-07-18 11:14:51 - fractal_editor.error_handling - ERROR - handle_general_error:218 - 一般エラー - コンテキスト: , エラー: テストエラー 38
NoneType: None
2025-07-18 11:14:51 - fractal_editor.error_handling - ERROR - handle_general_error:218 - 一般エラー - コンテキスト: , エラー: テストエラー 39
NoneType: None
2025-07-18 11:14:51 - fractal_editor.error_handling - ERROR - handle_general_error:218 - 一般エラー - コンテキスト: , エラー: テストエラー 40
NoneType: None
2025-07-18 11:14:51 - fractal_editor.error_handling - ERROR - handle_general_error:218 - 一般エラー - コンテキスト: , エラー: テストエラー 41
NoneType: None
2025-07-18 11:14:51 - fractal_editor.error_handling - ERROR - handle_general_error:218 - 一般エラー - コンテキスト: , エラー: テストエラー 42
NoneType: None
2025-07-18 11:14:51 - fractal_editor.error_handling - ERROR - handle_general_error:218 - 一般エラー - コンテキスト: , エラー: テストエラー 43
NoneType: None
2025-07-18 11:14:51 - fractal_editor.error_handling - ERROR - handle_general_error:218 - 一般エラー - コンテキスト: , エラー: テストエラー 44
NoneType: None
2025-07-18 11:14:51 - fractal_editor.error_handling - ERROR - handle_general_error:218 - 一般エラー - コンテキスト: , エラー: テストエラー 45
NoneType: None
2025-07-18 11:14:51 - fractal_editor.error_handling - ERROR - handle_general_error:218 - 一般エラー - コンテキスト: , エラー: テストエラー 46
NoneType: None
2025-07-18 11:14:51 - fractal_editor.error_handling - ERROR - handle_general_error:218 - 一般エラー - コンテキスト: , エラー: テストエラー 47
NoneType: None
2025-07-18 11:14:51 - fractal_editor.error_handling - ERROR - handle_general_error:218 - 一般エラー - コンテキスト: , エラー: テストエラー 48
NoneType: None
2025-07-18 11:14:51 - fractal_editor.error_handling - ERROR - handle_general_error:218 - 一般エラー - コンテキスト: , エラー: テストエラー 49
NoneType: None
2025-07-18 11:14:51 - fractal_editor.error_handling - ERROR - handle_general_error:218 - 一般エラー - コンテキスト: , エラー: テストエラー 50
NoneType: None
2025-07-18 11:14:51 - fractal_editor.error_handling - ERROR - handle_general_error:218 - 一般エラー - コンテキスト: , エラー: テストエラー 51
NoneType: None
2025-07-18 11:14:51 - fractal_editor.error_handling - ERROR - handle_general_error:218 - 一般エラー - コンテキスト: , エラー: テストエラー 52
NoneType: None
2025-07-18 11:14:51 - fractal_editor.error_handling - ERROR - handle_general_error:218 - 一般エラー - コンテキスト: , エラー: テストエラー 53
NoneType: None
2025-07-18 11:14:51 - fractal_editor.error_handling - ERROR - handle_general_error:218 - 一般エラー - コンテキスト: , エラー: テストエラー 54
NoneType: None
2025-07-18 11:14:51 - fractal_editor.error_handling - ERROR - handle_general_error:218 - 一般エラー - コンテキスト: , エラー: テストエラー 55
NoneType: None
2025-07-18 11:14:51 - fractal_editor.error_handling - ERROR - handle_general_error:218 - 一般エラー - コンテキスト: , エラー: テストエラー 56
NoneType: None
2025-07-18 11:14:51 - fractal_editor.error_handling - ERROR - handle_general_error:218 - 一般エラー - コンテキスト: , エラー: テストエラー 57
NoneType: None
2025-07-18 11:14:51 - fractal_editor.error_handling - ERROR - handle_general_error:218 - 一般エラー - コンテキスト: , エラー: テストエラー 58
NoneType: None
2025-07-18 11:14:51 - fractal_editor.error_handling - ERROR - handle_general_error:218 - 一般エラー - コンテキスト: , エラー: テストエラー 59
NoneType: None
2025-07-18 11:14:51 - fractal_editor.error_handling - ERROR - handle_general_error:218 - 一般エラー - コンテキスト: , エラー: テストエラー 60
NoneType: None
2025-07-18 11:14:51 - fractal_editor.error_handling - ERROR - handle_general_error:218 - 一般エラー - コンテキスト: , エラー: テストエラー 61
NoneType: None
2025-07-18 11:14:51 - fractal_editor.error_handling - ERROR - handle_general_error:218 - 一般エラー - コンテキスト: , エラー: テストエラー 62
NoneType: None
2025-07-18 11:14:51 - fractal_editor.error_handling - ERROR - handle_general_error:218 - 一般エラー - コンテキスト: , エラー: テストエラー 63
NoneType: None
2025-07-18 11:14:51 - fractal_editor.error_handling - ERROR - handle_general_error:218 - 一般エラー - コンテキスト: , エラー: テストエラー 64
NoneType: None
2025-07-18 11:14:51 - fractal_editor.error_handling - ERROR - handle_general_error:218 - 一般エラー - コンテキスト: , エラー: テストエラー 65
NoneType: None
2025-07-18 11:14:51 - fractal_editor.error_handling - ERROR - handle_general_error:218 - 一般エラー - コンテキスト: , エラー: テストエラー 66
NoneType: None
2025-07-18 11:14:51 - fractal_editor.error_handling - ERROR - handle_general_error:218 - 一般エラー - コンテキスト: , エラー: テストエラー 67
NoneType: None
2025-07-18 11:14:51 - fractal_editor.error_handling - ERROR - handle_general_error:218 - 一般エラー - コンテキスト: , エラー: テストエラー 68
NoneType: None
2025-07-18 11:14:51 - fractal_editor.error_handling - ERROR - handle_general_error:218 - 一般エラー - コンテキスト: , エラー: テストエラー 69
NoneType: None
2025-07-18 11:14:51 - fractal_editor.error_handling - ERROR - handle_general_error:218 - 一般エラー - コンテキスト: , エラー: テストエラー 70
NoneType: None
2025-07-18 11:14:51 - fractal_editor.error_handling - ERROR - handle_general_error:218 - 一般エラー - コンテキスト: , エラー: テストエラー 71
NoneType: None
2025-07-18 11:14:51 - fractal_editor.error_handling - ERROR - handle_general_error:218 - 一般エラー - コンテキスト: , エラー: テストエラー 72
NoneType: None
2025-07-18 11:14:51 - fractal_editor.error_handling - ERROR - handle_general_error:218 - 一般エラー - コンテキスト: , エラー: テストエラー 73
NoneType: None
2025-07-18 11:14:51 - fractal_editor.error_handling - ERROR - handle_general_error:218 - 一般エラー - コンテキスト: , エラー: テストエラー 74
NoneType: None
2025-07-18 11:14:51 - fractal_editor.error_handling - ERROR - handle_general_error:218 - 一般エラー - コンテキスト: , エラー: テストエラー 75
NoneType: None
2025-07-18 11:14:51 - fractal_editor.error_handling - ERROR - handle_general_error:218 - 一般エラー - コンテキスト: , エラー: テストエラー 76
NoneType: None
2025-07-18 11:14:51 - fractal_editor.error_handling - ERROR - handle_general_error:218 - 一般エラー - コンテキスト: , エラー: テストエラー 77
NoneType: None
2025-07-18 11:14:51 - fractal_editor.error_handling - ERROR - handle_general_error:218 - 一般エラー - コンテキスト: , エラー: テストエラー 78
NoneType: None
2025-07-18 11:14:51 - fractal_editor.error_handling - ERROR - handle_general_error:218 - 一般エラー - コンテキスト: , エラー: テストエラー 79
NoneType: None
2025-07-18 11:14:51 - fractal_editor.error_handling - ERROR - handle_general_error:218 - 一般エラー - コンテキスト: , エラー: テストエラー 80
NoneType: None
2025-07-18 11:14:51 - fractal_editor.error_handling - ERROR - handle_general_error:218 - 一般エラー - コンテキスト: , エラー: テストエラー 81
NoneType: None
2025-07-18 11:14:51 - fractal_editor.error_handling - ERROR - handle_general_error:218 - 一般エラー - コンテキスト: , エラー: テストエラー 82
NoneType: None
2025-07-18 11:14:51 - fractal_editor.error_handling - ERROR - handle_general_error:218 - 一般エラー - コンテキスト: , エラー: テストエラー 83
NoneType: None
2025-07-18 11:14:51 - fractal_editor.error_handling - ERROR - handle_general_error:218 - 一般エラー - コンテキスト: , エラー: テストエラー 84
NoneType: None
2025-07-18 11:14:51 - fractal_editor.error_handling - ERROR - handle_general_error:218 - 一般エラー - コンテキスト: , エラー: テストエラー 85
NoneType: None
2025-07-18 11:14:51 - fractal_editor.error_handling - ERROR - handle_general_error:218 - 一般エラー - コンテキスト: , エラー: テストエラー 86
NoneType: None
2025-07-18 11:14:51 - fractal_editor.error_handling - ERROR - handle_general_error:218 - 一般エラー - コンテキスト: , エラー: テストエラー 87
NoneType: None
2025-07-18 11:14:51 - fractal_editor.error_handling - ERROR - handle_general_error:218 - 一般エラー - コンテキスト: , エラー: テストエラー 88
NoneType: None
2025-07-18 11:14:51 - fractal_editor.error_handling - ERROR - handle_general_error:218 - 一般エラー - コンテキスト: , エラー: テストエラー 89
NoneType: None
2025-07-18 11:14:51 - fractal_editor.error_handling - ERROR - handle_general_error:218 - 一般エラー - コンテキスト: , エラー: テストエラー 90
NoneType: None
2025-07-18 11:14:51 - fractal_editor.error_handling - ERROR - handle_general_error:218 - 一般エラー - コンテキスト: , エラー: テストエラー 91
NoneType: None
2025-07-18 11:14:51 - fractal_editor.error_handling - ERROR - handle_general_error:218 - 一般エラー - コンテキスト: , エラー: テストエラー 92
NoneType: None
2025-07-18 11:14:51 - fractal_editor.error_handling - ERROR - handle_general_error:218 - 一般エラー - コンテキスト: , エラー: テストエラー 93
NoneType: None
2025-07-18 11:14:51 - fractal_editor.error_handling - ERROR - handle_general_error:218 - 一般エラー - コンテキスト: , エラー: テストエラー 94
NoneType: None
2025-07-18 11:14:51 - fractal_editor.error_handling - ERROR - handle_general_error:218 - 一般エラー - コンテキスト: , エラー: テストエラー 95
NoneType: None
2025-07-18 11:14:51 - fractal_editor.error_handling - ERROR - handle_general_error:218 - 一般エラー - コンテキスト: , エラー: テストエラー 96
NoneType: None
2025-07-18 11:14:51 - fractal_editor.error_handling - ERROR - handle_general_error:218 - 一般エラー - コンテキスト: , エラー: テストエラー 97
NoneType: None
2025-07-18 11:14:51 - fractal_editor.error_handling - ERROR - handle_general_error:218 - 一般エラー - コンテキスト: , エラー: テストエラー 98
NoneType: None
2025-07-18 11:14:51 - fractal_editor.error_handling - ERROR - handle_general_error:218 - 一般エラー - コンテキスト: , エラー: テストエラー 99
NoneType: None
2025-07-18 11:14:51 - fractal_editor.error_handling - ERROR - handle_general_error:218 - 一般エラー - コンテキスト: , エラー: テストエラー 100
NoneType: None
2025-07-18 11:14:51 - fractal_editor.error_handling - ERROR - handle_general_error:218 - 一般エラー - コンテキスト: , エラー: テストエラー 101
NoneType: None
2025-07-18 11:14:51 - fractal_editor.error_handling - ERROR - handle_general_error:218 - 一般エラー - コンテキスト: , エラー: テストエラー 102
NoneType: None
2025-07-18 11:14:51 - fractal_editor.error_handling - ERROR - handle_general_error:218 - 一般エラー - コンテキスト: , エラー: テストエラー 103
NoneType: None
2025-07-18 11:14:51 - fractal_editor.error_handling - ERROR - handle_general_error:218 - 一般エラー - コンテキスト: , エラー: テストエラー 104
NoneType: None
2025-07-18 11:14:51 - fractal_editor.error_handling - ERROR - handle_general_error:218 - 一般エラー - コンテキスト: テスト, エラー: エクスポートテスト用エラー
NoneType: None
2025-07-18 11:14:51 - fractal_editor.error_handling - ERROR - handle_formula_error:146 - 数式エラー (FormulaEvaluation): 数式の評価に失敗しました
2025-07-18 11:14:51 - fractal_editor.error_handling - ERROR - handle_formula_error:146 - 数式エラー (FormulaValidation): 無効な数式です
2025-07-18 11:14:51 - fractal_editor.error_handling - ERROR - handle_calculation_error:136 - フラクタル計算エラー - ステージ: iteration, エラー: 計算でオーバーフローが発生
2025-07-18 11:14:51 - fractal_editor.error_handling - ERROR - handle_general_error:218 - 一般エラー - コンテキスト: テストコンテキスト, エラー: 一般的なエラー
NoneType: None
2025-07-18 11:14:51 - fractal_editor.error_handling - ERROR - handle_image_export_error:172 - 画像出力エラー - ファイル: /path/to/image.png, 形式: PNG, エラー: 画像の保存に失敗
2025-07-18 11:14:51 - fractal_editor.error_handling - ERROR - handle_memory_error:195 - メモリエラー - 要求サイズ: 104857600, エラー: メモリが不足しています
2025-07-18 11:14:51 - fractal_editor.error_handling - ERROR - handle_general_error:218 - 一般エラー - コンテキスト: , エラー: 一般エラー1
NoneType: None
2025-07-18 11:14:51 - fractal_editor.error_handling - ERROR - handle_general_error:218 - 一般エラー - コンテキスト: , エラー: 一般エラー2
NoneType: None
2025-07-18 11:14:51 - fractal_editor.error_handling - ERROR - handle_formula_error:146 - 数式エラー (FormulaValidation): 数式エラー
2025-07-18 11:14:51 - fractal_editor.error_handling - ERROR - handle_ui_error:206 - UIエラー - コンポーネント: , エラー: UIエラー
2025-07-18 11:14:51 - fractal_editor.error_handling - ERROR - handle_plugin_error:160 - プラグインエラー - 名前: TestPlugin, パス: /path/to/plugin, エラー: プラグインの読み込みに失敗
2025-07-18 11:14:51 - fractal_editor.error_handling - ERROR - handle_project_file_error:184 - プロジェクトファイルエラー - 操作: load, ファイル: /path/to/project.json, エラー: ファイルの読み込みに失敗
2025-07-18 11:14:51 - fractal_editor.error_handling - ERROR - handle_ui_error:206 - UIエラー - コンポーネント: FractalWidget, エラー: ウィジェットの初期化に失敗
2025-07-18 11:16:01 - fractal_editor.error_handling - ERROR - handle_calculation_error:136 - フラクタル計算エラー - ステージ: iteration_calculation, エラー: 数値オーバーフローが発生しました
2025-07-18 11:16:01 - fractal_editor.error_handling - ERROR - handle_formula_error:146 - 数式エラー (FormulaValidation): 無効な数式: 'import os; os.system("rm -rf /")'
2025-07-18 11:16:01 - fractal_editor.error_handling - ERROR - handle_plugin_error:160 - プラグインエラー - 名前: CustomFractal, パス: /plugins/custom_fractal.py, エラー: プラグインファイルが見つかりません
2025-07-18 11:16:01 - fractal_editor.error_handling - ERROR - handle_image_export_error:172 - 画像出力エラー - ファイル: /output/fractal_4k.png, 形式: PNG, エラー: ディスク容量が不足しています
2025-07-18 11:16:01 - fractal_editor.error_handling - ERROR - handle_memory_error:195 - メモリエラー - 要求サイズ: 268435456, エラー: メモリ不足: 8K解像度の画像生成に失敗
2025-07-18 11:16:01 - fractal_editor.error_handling - ERROR - handle_ui_error:206 - UIエラー - コンポーネント: MainWindow, エラー: ウィンドウの初期化に失敗しました
2025-07-18 11:16:01 - fractal_editor.error_handling - ERROR - handle_general_error:218 - 一般エラー - コンテキスト: 設定ファイル読み込み, エラー: 予期しないエラーが発生しました
Traceback (most recent call last):
  File "C:\TAKAGI\MyCode\kiro_frac\demo_error_handling.py", line 101, in demo_error_handling
    raise ValueError("予期しないエラーが発生しました")
ValueError: 予期しないエラーが発生しました
2025-07-18 11:16:01 - fractal_editor.error_handling - CRITICAL - handle_critical_error:231 - クリティカルエラー - コンテキスト: システム初期化, エラー: システムの重要なコンポーネントが応答しません
Traceback (most recent call last):
  File "C:\TAKAGI\MyCode\kiro_frac\demo_error_handling.py", line 108, in demo_error_handling
    raise RuntimeError("システムの重要なコンポーネントが応答しません")
RuntimeError: システムの重要なコンポーネントが応答しません
2025-07-18 11:18:27 - fractal_editor.error_handling - ERROR - handle_formula_error:146 - 数式エラー (FormulaValidation): 無効な数式
2025-07-18 11:18:27 - fractal_editor.error_handling - ERROR - handle_calculation_error:136 - フラクタル計算エラー - ステージ: test_stage, エラー: テスト用エラー
2025-07-18 11:18:27 - fractal_editor.error_handling - ERROR - handle_plugin_error:160 - プラグインエラー - 名前: TestPlugin, パス: /path/to/plugin, エラー: プラグインエラー
2025-07-18 11:18:27 - fractal_editor.error_handling - ERROR - handle_ui_error:206 - UIエラー - コンポーネント: TestWidget, エラー: UIエラー
2025-07-18 11:18:27 - fractal_editor.error_handling - ERROR - handle_formula_error:146 - 数式エラー (FormulaValidation): デコレータテスト用エラー
2025-07-18 11:18:27 - fractal_editor.error_handling - ERROR - handle_plugin_error:160 - プラグインエラー - 名前: TestPlugin, パス: /test/path, エラー: プラグインテスト用エラー
2025-07-18 11:18:27 - fractal_editor.error_handling - ERROR - handle_ui_error:206 - UIエラー - コンポーネント: TestComponent, エラー: UIテスト用エラー
2025-07-18 11:18:27 - fractal_editor.error_handling - ERROR - handle_general_error:218 - 一般エラー - コンテキスト: テスト, エラー: エラー
Traceback (most recent call last):
  File "C:\TAKAGI\MyCode\kiro_frac\fractal_editor\services\error_context.py", line 123, in general_operation
    yield
  File "C:\TAKAGI\MyCode\kiro_frac\fractal_editor\services\error_context.py", line 201, in safe_execute
    return func(*args, **kwargs)
           ^^^^^^^^^^^^^^^^^^^^^
  File "C:\TAKAGI\MyCode\kiro_frac\test_error_context.py", line 136, in failure_function
    raise ValueError("エラー")
ValueError: エラー
2025-07-18 11:18:27 - fractal_editor.error_handling - ERROR - handle_general_error:218 - 一般エラー - コンテキスト: テスト, エラー: エラー
Traceback (most recent call last):
  File "C:\TAKAGI\MyCode\kiro_frac\fractal_editor\services\error_context.py", line 123, in general_operation
    yield
  File "C:\TAKAGI\MyCode\kiro_frac\fractal_editor\services\error_context.py", line 201, in safe_execute
    return func(*args, **kwargs)
           ^^^^^^^^^^^^^^^^^^^^^
  File "C:\TAKAGI\MyCode\kiro_frac\test_error_context.py", line 144, in failure_function
    raise ValueError("エラー")
ValueError: エラー
2025-07-18 11:18:27 - fractal_editor.error_handling - ERROR - handle_general_error:218 - 一般エラー - コンテキスト: テスト (高品質), エラー: 高品質エラー
Traceback (most recent call last):
  File "C:\TAKAGI\MyCode\kiro_frac\fractal_editor\services\error_context.py", line 123, in general_operation
    yield
  File "C:\TAKAGI\MyCode\kiro_frac\fractal_editor\services\error_context.py", line 256, in graceful_degradation
    return func()
           ^^^^^^
  File "C:\TAKAGI\MyCode\kiro_frac\test_error_context.py", line 254, in high_quality
    raise ValueError("高品質エラー")
ValueError: 高品質エラー
2025-07-18 11:18:27 - fractal_editor.error_handling - ERROR - handle_general_error:218 - 一般エラー - コンテキスト: テスト (中品質), エラー: 中品質エラー
Traceback (most recent call last):
  File "C:\TAKAGI\MyCode\kiro_frac\fractal_editor\services\error_context.py", line 123, in general_operation
    yield
  File "C:\TAKAGI\MyCode\kiro_frac\fractal_editor\services\error_context.py", line 256, in graceful_degradation
    return func()
           ^^^^^^
  File "C:\TAKAGI\MyCode\kiro_frac\test_error_context.py", line 257, in medium_quality
    raise ValueError("中品質エラー")
ValueError: 中品質エラー
2025-07-18 11:18:27 - fractal_editor.error_handling - ERROR - handle_general_error:218 - 一般エラー - コンテキスト: テスト (低品質), エラー: 低品質エラー
Traceback (most recent call last):
  File "C:\TAKAGI\MyCode\kiro_frac\fractal_editor\services\error_context.py", line 123, in general_operation
    yield
  File "C:\TAKAGI\MyCode\kiro_frac\fractal_editor\services\error_context.py", line 256, in graceful_degradation
    return func()
           ^^^^^^
  File "C:\TAKAGI\MyCode\kiro_frac\test_error_context.py", line 260, in low_quality
    raise ValueError("低品質エラー")
ValueError: 低品質エラー
2025-07-18 11:18:27 - fractal_editor.error_handling - ERROR - handle_general_error:218 - 一般エラー - コンテキスト: テスト - 全ての品質レベルで失敗, エラー: 低品質エラー
Traceback (most recent call last):
  File "C:\TAKAGI\MyCode\kiro_frac\fractal_editor\services\error_context.py", line 256, in graceful_degradation
    return func()
           ^^^^^^
  File "C:\TAKAGI\MyCode\kiro_frac\test_error_context.py", line 260, in low_quality
    raise ValueError("低品質エラー")
ValueError: 低品質エラー
2025-07-18 11:18:27 - fractal_editor.error_handling - ERROR - handle_general_error:218 - 一般エラー - コンテキスト: テスト (高品質), エラー: 高品質エラー
Traceback (most recent call last):
  File "C:\TAKAGI\MyCode\kiro_frac\fractal_editor\services\error_context.py", line 123, in general_operation
    yield
  File "C:\TAKAGI\MyCode\kiro_frac\fractal_editor\services\error_context.py", line 256, in graceful_degradation
    return func()
           ^^^^^^
  File "C:\TAKAGI\MyCode\kiro_frac\test_error_context.py", line 238, in high_quality
    raise ValueError("高品質エラー")
ValueError: 高品質エラー
2025-07-18 11:18:27 - fractal_editor.error_handling - ERROR - handle_general_error:218 - 一般エラー - コンテキスト: テスト (中品質), エラー: 中品質エラー
Traceback (most recent call last):
  File "C:\TAKAGI\MyCode\kiro_frac\fractal_editor\services\error_context.py", line 123, in general_operation
    yield
  File "C:\TAKAGI\MyCode\kiro_frac\fractal_editor\services\error_context.py", line 256, in graceful_degradation
    return func()
           ^^^^^^
  File "C:\TAKAGI\MyCode\kiro_frac\test_error_context.py", line 241, in medium_quality
    raise ValueError("中品質エラー")
ValueError: 中品質エラー
2025-07-18 11:18:27 - fractal_editor.error_handling - ERROR - handle_general_error:218 - 一般エラー - コンテキスト: テスト (高品質), エラー: 高品質エラー
Traceback (most recent call last):
  File "C:\TAKAGI\MyCode\kiro_frac\fractal_editor\services\error_context.py", line 123, in general_operation
    yield
  File "C:\TAKAGI\MyCode\kiro_frac\fractal_editor\services\error_context.py", line 256, in graceful_degradation
    return func()
           ^^^^^^
  File "C:\TAKAGI\MyCode\kiro_frac\test_error_context.py", line 222, in high_quality
    raise ValueError("高品質エラー")
ValueError: 高品質エラー
2025-07-18 11:18:27 - fractal_editor.error_handling - ERROR - handle_general_error:218 - 一般エラー - コンテキスト: テスト (試行 1), エラー: 一時的なエラー
Traceback (most recent call last):
  File "C:\TAKAGI\MyCode\kiro_frac\fractal_editor\services\error_context.py", line 123, in general_operation
    yield
  File "C:\TAKAGI\MyCode\kiro_frac\fractal_editor\services\error_context.py", line 223, in retry_with_fallback
    return primary_func()
           ^^^^^^^^^^^^^^
  File "C:\TAKAGI\MyCode\kiro_frac\test_error_context.py", line 178, in primary_func
    raise ValueError("一時的なエラー")
ValueError: 一時的なエラー
2025-07-18 11:18:27 - fractal_editor.error_handling - ERROR - handle_general_error:218 - 一般エラー - コンテキスト: テスト (試行 1), エラー: プライマリエラー
Traceback (most recent call last):
  File "C:\TAKAGI\MyCode\kiro_frac\fractal_editor\services\error_context.py", line 123, in general_operation
    yield
  File "C:\TAKAGI\MyCode\kiro_frac\fractal_editor\services\error_context.py", line 223, in retry_with_fallback
    return primary_func()
           ^^^^^^^^^^^^^^
  File "C:\TAKAGI\MyCode\kiro_frac\test_error_context.py", line 193, in primary_func
    raise ValueError("プライマリエラー")
ValueError: プライマリエラー
2025-07-18 11:18:27 - fractal_editor.error_handling - ERROR - handle_general_error:218 - 一般エラー - コンテキスト: テスト (試行 2), エラー: プライマリエラー
Traceback (most recent call last):
  File "C:\TAKAGI\MyCode\kiro_frac\fractal_editor\services\error_context.py", line 123, in general_operation
    yield
  File "C:\TAKAGI\MyCode\kiro_frac\fractal_editor\services\error_context.py", line 223, in retry_with_fallback
    return primary_func()
           ^^^^^^^^^^^^^^
  File "C:\TAKAGI\MyCode\kiro_frac\test_error_context.py", line 193, in primary_func
    raise ValueError("プライマリエラー")
ValueError: プライマリエラー
2025-07-18 11:18:59 - fractal_editor.error_handling - ERROR - handle_formula_error:146 - 数式エラー (FormulaValidation): 無効な数式
2025-07-18 11:18:59 - fractal_editor.error_handling - ERROR - handle_calculation_error:136 - フラクタル計算エラー - ステージ: test_stage, エラー: テスト用エラー
2025-07-18 11:18:59 - fractal_editor.error_handling - ERROR - handle_plugin_error:160 - プラグインエラー - 名前: TestPlugin, パス: /path/to/plugin, エラー: プラグインエラー
2025-07-18 11:18:59 - fractal_editor.error_handling - ERROR - handle_ui_error:206 - UIエラー - コンポーネント: TestWidget, エラー: UIエラー
2025-07-18 11:18:59 - fractal_editor.error_handling - ERROR - handle_formula_error:146 - 数式エラー (FormulaValidation): デコレータテスト用エラー
2025-07-18 11:18:59 - fractal_editor.error_handling - ERROR - handle_plugin_error:160 - プラグインエラー - 名前: TestPlugin, パス: /test/path, エラー: プラグインテスト用エラー
2025-07-18 11:18:59 - fractal_editor.error_handling - ERROR - handle_ui_error:206 - UIエラー - コンポーネント: TestComponent, エラー: UIテスト用エラー
2025-07-18 11:18:59 - fractal_editor.error_handling - ERROR - handle_general_error:218 - 一般エラー - コンテキスト: テスト, エラー: エラー
Traceback (most recent call last):
  File "C:\TAKAGI\MyCode\kiro_frac\fractal_editor\services\error_context.py", line 123, in general_operation
    yield
  File "C:\TAKAGI\MyCode\kiro_frac\fractal_editor\services\error_context.py", line 201, in safe_execute
    return func(*args, **kwargs)
           ^^^^^^^^^^^^^^^^^^^^^
  File "C:\TAKAGI\MyCode\kiro_frac\test_error_context.py", line 137, in failure_function
    raise ValueError("エラー")
ValueError: エラー
2025-07-18 11:18:59 - fractal_editor.error_handling - ERROR - handle_general_error:218 - 一般エラー - コンテキスト: テスト, エラー: エラー
Traceback (most recent call last):
  File "C:\TAKAGI\MyCode\kiro_frac\fractal_editor\services\error_context.py", line 123, in general_operation
    yield
  File "C:\TAKAGI\MyCode\kiro_frac\fractal_editor\services\error_context.py", line 201, in safe_execute
    return func(*args, **kwargs)
           ^^^^^^^^^^^^^^^^^^^^^
  File "C:\TAKAGI\MyCode\kiro_frac\test_error_context.py", line 145, in failure_function
    raise ValueError("エラー")
ValueError: エラー
2025-07-18 11:18:59 - fractal_editor.error_handling - ERROR - handle_general_error:218 - 一般エラー - コンテキスト: テスト (高品質), エラー: 高品質エラー
Traceback (most recent call last):
  File "C:\TAKAGI\MyCode\kiro_frac\fractal_editor\services\error_context.py", line 123, in general_operation
    yield
  File "C:\TAKAGI\MyCode\kiro_frac\fractal_editor\services\error_context.py", line 256, in graceful_degradation
    return func()
           ^^^^^^
  File "C:\TAKAGI\MyCode\kiro_frac\test_error_context.py", line 255, in high_quality
    raise ValueError("高品質エラー")
ValueError: 高品質エラー
2025-07-18 11:18:59 - fractal_editor.error_handling - ERROR - handle_general_error:218 - 一般エラー - コンテキスト: テスト (中品質), エラー: 中品質エラー
Traceback (most recent call last):
  File "C:\TAKAGI\MyCode\kiro_frac\fractal_editor\services\error_context.py", line 123, in general_operation
    yield
  File "C:\TAKAGI\MyCode\kiro_frac\fractal_editor\services\error_context.py", line 256, in graceful_degradation
    return func()
           ^^^^^^
  File "C:\TAKAGI\MyCode\kiro_frac\test_error_context.py", line 258, in medium_quality
    raise ValueError("中品質エラー")
ValueError: 中品質エラー
2025-07-18 11:18:59 - fractal_editor.error_handling - ERROR - handle_general_error:218 - 一般エラー - コンテキスト: テスト (低品質), エラー: 低品質エラー
Traceback (most recent call last):
  File "C:\TAKAGI\MyCode\kiro_frac\fractal_editor\services\error_context.py", line 123, in general_operation
    yield
  File "C:\TAKAGI\MyCode\kiro_frac\fractal_editor\services\error_context.py", line 256, in graceful_degradation
    return func()
           ^^^^^^
  File "C:\TAKAGI\MyCode\kiro_frac\test_error_context.py", line 261, in low_quality
    raise ValueError("低品質エラー")
ValueError: 低品質エラー
2025-07-18 11:18:59 - fractal_editor.error_handling - ERROR - handle_general_error:218 - 一般エラー - コンテキスト: テスト - 全ての品質レベルで失敗, エラー: 低品質エラー
Traceback (most recent call last):
  File "C:\TAKAGI\MyCode\kiro_frac\fractal_editor\services\error_context.py", line 256, in graceful_degradation
    return func()
           ^^^^^^
  File "C:\TAKAGI\MyCode\kiro_frac\test_error_context.py", line 261, in low_quality
    raise ValueError("低品質エラー")
ValueError: 低品質エラー
2025-07-18 11:18:59 - fractal_editor.error_handling - ERROR - handle_general_error:218 - 一般エラー - コンテキスト: テスト (高品質), エラー: 高品質エラー
Traceback (most recent call last):
  File "C:\TAKAGI\MyCode\kiro_frac\fractal_editor\services\error_context.py", line 123, in general_operation
    yield
  File "C:\TAKAGI\MyCode\kiro_frac\fractal_editor\services\error_context.py", line 256, in graceful_degradation
    return func()
           ^^^^^^
  File "C:\TAKAGI\MyCode\kiro_frac\test_error_context.py", line 239, in high_quality
    raise ValueError("高品質エラー")
ValueError: 高品質エラー
2025-07-18 11:18:59 - fractal_editor.error_handling - ERROR - handle_general_error:218 - 一般エラー - コンテキスト: テスト (中品質), エラー: 中品質エラー
Traceback (most recent call last):
  File "C:\TAKAGI\MyCode\kiro_frac\fractal_editor\services\error_context.py", line 123, in general_operation
    yield
  File "C:\TAKAGI\MyCode\kiro_frac\fractal_editor\services\error_context.py", line 256, in graceful_degradation
    return func()
           ^^^^^^
  File "C:\TAKAGI\MyCode\kiro_frac\test_error_context.py", line 242, in medium_quality
    raise ValueError("中品質エラー")
ValueError: 中品質エラー
2025-07-18 11:18:59 - fractal_editor.error_handling - ERROR - handle_general_error:218 - 一般エラー - コンテキスト: テスト (高品質), エラー: 高品質エラー
Traceback (most recent call last):
  File "C:\TAKAGI\MyCode\kiro_frac\fractal_editor\services\error_context.py", line 123, in general_operation
    yield
  File "C:\TAKAGI\MyCode\kiro_frac\fractal_editor\services\error_context.py", line 256, in graceful_degradation
    return func()
           ^^^^^^
  File "C:\TAKAGI\MyCode\kiro_frac\test_error_context.py", line 223, in high_quality
    raise ValueError("高品質エラー")
ValueError: 高品質エラー
2025-07-18 11:18:59 - fractal_editor.error_handling - ERROR - handle_general_error:218 - 一般エラー - コンテキスト: テスト (試行 1), エラー: 一時的なエラー
Traceback (most recent call last):
  File "C:\TAKAGI\MyCode\kiro_frac\fractal_editor\services\error_context.py", line 123, in general_operation
    yield
  File "C:\TAKAGI\MyCode\kiro_frac\fractal_editor\services\error_context.py", line 223, in retry_with_fallback
    return primary_func()
           ^^^^^^^^^^^^^^
  File "C:\TAKAGI\MyCode\kiro_frac\test_error_context.py", line 179, in primary_func
    raise ValueError("一時的なエラー")
ValueError: 一時的なエラー
2025-07-18 11:18:59 - fractal_editor.error_handling - ERROR - handle_general_error:218 - 一般エラー - コンテキスト: テスト (試行 1), エラー: プライマリエラー
Traceback (most recent call last):
  File "C:\TAKAGI\MyCode\kiro_frac\fractal_editor\services\error_context.py", line 123, in general_operation
    yield
  File "C:\TAKAGI\MyCode\kiro_frac\fractal_editor\services\error_context.py", line 223, in retry_with_fallback
    return primary_func()
           ^^^^^^^^^^^^^^
  File "C:\TAKAGI\MyCode\kiro_frac\test_error_context.py", line 194, in primary_func
    raise ValueError("プライマリエラー")
ValueError: プライマリエラー
2025-07-18 11:18:59 - fractal_editor.error_handling - ERROR - handle_general_error:218 - 一般エラー - コンテキスト: テスト (試行 2), エラー: プライマリエラー
Traceback (most recent call last):
  File "C:\TAKAGI\MyCode\kiro_frac\fractal_editor\services\error_context.py", line 123, in general_operation
    yield
  File "C:\TAKAGI\MyCode\kiro_frac\fractal_editor\services\error_context.py", line 223, in retry_with_fallback
    return primary_func()
           ^^^^^^^^^^^^^^
  File "C:\TAKAGI\MyCode\kiro_frac\test_error_context.py", line 194, in primary_func
    raise ValueError("プライマリエラー")
ValueError: プライマリエラー
2025-07-18 13:37:51 - fractal_editor.error_handling - ERROR - handle_general_error:218 - 一般エラー - コンテキスト: , エラー: テストエラー 0
NoneType: None
2025-07-18 13:37:51 - fractal_editor.error_handling - ERROR - handle_general_error:218 - 一般エラー - コンテキスト: , エラー: テストエラー 1
NoneType: None
2025-07-18 13:37:51 - fractal_editor.error_handling - ERROR - handle_general_error:218 - 一般エラー - コンテキスト: , エラー: テストエラー 2
NoneType: None
2025-07-18 13:37:51 - fractal_editor.error_handling - ERROR - handle_general_error:218 - 一般エラー - コンテキスト: , エラー: テストエラー 3
NoneType: None
2025-07-18 13:37:51 - fractal_editor.error_handling - ERROR - handle_general_error:218 - 一般エラー - コンテキスト: , エラー: テストエラー 4
NoneType: None
2025-07-18 13:37:51 - fractal_editor.error_handling - CRITICAL - handle_critical_error:231 - クリティカルエラー - コンテキスト: システム初期化, エラー: クリティカルエラー
NoneType: None
2025-07-18 13:37:51 - fractal_editor.error_handling - ERROR - handle_general_error:218 - 一般エラー - コンテキスト: , エラー: テストエラー 0
NoneType: None
2025-07-18 13:37:51 - fractal_editor.error_handling - ERROR - handle_general_error:218 - 一般エラー - コンテキスト: , エラー: テストエラー 1
NoneType: None
2025-07-18 13:37:51 - fractal_editor.error_handling - ERROR - handle_general_error:218 - 一般エラー - コンテキスト: , エラー: テストエラー 2
NoneType: None
2025-07-18 13:37:51 - fractal_editor.error_handling - ERROR - handle_general_error:218 - 一般エラー - コンテキスト: , エラー: テストエラー 3
NoneType: None
2025-07-18 13:37:51 - fractal_editor.error_handling - ERROR - handle_general_error:218 - 一般エラー - コンテキスト: , エラー: テストエラー 4
NoneType: None
2025-07-18 13:37:51 - fractal_editor.error_handling - ERROR - handle_general_error:218 - 一般エラー - コンテキスト: , エラー: テストエラー 5
NoneType: None
2025-07-18 13:37:51 - fractal_editor.error_handling - ERROR - handle_general_error:218 - 一般エラー - コンテキスト: , エラー: テストエラー 6
NoneType: None
2025-07-18 13:37:51 - fractal_editor.error_handling - ERROR - handle_general_error:218 - 一般エラー - コンテキスト: , エラー: テストエラー 7
NoneType: None
2025-07-18 13:37:51 - fractal_editor.error_handling - ERROR - handle_general_error:218 - 一般エラー - コンテキスト: , エラー: テストエラー 8
NoneType: None
2025-07-18 13:37:51 - fractal_editor.error_handling - ERROR - handle_general_error:218 - 一般エラー - コンテキスト: , エラー: テストエラー 9
NoneType: None
2025-07-18 13:37:51 - fractal_editor.error_handling - ERROR - handle_general_error:218 - 一般エラー - コンテキスト: , エラー: テストエラー 10
NoneType: None
2025-07-18 13:37:51 - fractal_editor.error_handling - ERROR - handle_general_error:218 - 一般エラー - コンテキスト: , エラー: テストエラー 11
NoneType: None
2025-07-18 13:37:51 - fractal_editor.error_handling - ERROR - handle_general_error:218 - 一般エラー - コンテキスト: , エラー: テストエラー 12
NoneType: None
2025-07-18 13:37:51 - fractal_editor.error_handling - ERROR - handle_general_error:218 - 一般エラー - コンテキスト: , エラー: テストエラー 13
NoneType: None
2025-07-18 13:37:51 - fractal_editor.error_handling - ERROR - handle_general_error:218 - 一般エラー - コンテキスト: , エラー: テストエラー 14
NoneType: None
2025-07-18 13:37:51 - fractal_editor.error_handling - ERROR - handle_general_error:218 - 一般エラー - コンテキスト: , エラー: テストエラー 15
NoneType: None
2025-07-18 13:37:51 - fractal_editor.error_handling - ERROR - handle_general_error:218 - 一般エラー - コンテキスト: , エラー: テストエラー 16
NoneType: None
2025-07-18 13:37:51 - fractal_editor.error_handling - ERROR - handle_general_error:218 - 一般エラー - コンテキスト: , エラー: テストエラー 17
NoneType: None
2025-07-18 13:37:51 - fractal_editor.error_handling - ERROR - handle_general_error:218 - 一般エラー - コンテキスト: , エラー: テストエラー 18
NoneType: None
2025-07-18 13:37:51 - fractal_editor.error_handling - ERROR - handle_general_error:218 - 一般エラー - コンテキスト: , エラー: テストエラー 19
NoneType: None
2025-07-18 13:37:51 - fractal_editor.error_handling - ERROR - handle_general_error:218 - 一般エラー - コンテキスト: , エラー: テストエラー 20
NoneType: None
2025-07-18 13:37:51 - fractal_editor.error_handling - ERROR - handle_general_error:218 - 一般エラー - コンテキスト: , エラー: テストエラー 21
NoneType: None
2025-07-18 13:37:51 - fractal_editor.error_handling - ERROR - handle_general_error:218 - 一般エラー - コンテキスト: , エラー: テストエラー 22
NoneType: None
2025-07-18 13:37:51 - fractal_editor.error_handling - ERROR - handle_general_error:218 - 一般エラー - コンテキスト: , エラー: テストエラー 23
NoneType: None
2025-07-18 13:37:51 - fractal_editor.error_handling - ERROR - handle_general_error:218 - 一般エラー - コンテキスト: , エラー: テストエラー 24
NoneType: None
2025-07-18 13:37:51 - fractal_editor.error_handling - ERROR - handle_general_error:218 - 一般エラー - コンテキスト: , エラー: テストエラー 25
NoneType: None
2025-07-18 13:37:51 - fractal_editor.error_handling - ERROR - handle_general_error:218 - 一般エラー - コンテキスト: , エラー: テストエラー 26
NoneType: None
2025-07-18 13:37:51 - fractal_editor.error_handling - ERROR - handle_general_error:218 - 一般エラー - コンテキスト: , エラー: テストエラー 27
NoneType: None
2025-07-18 13:37:51 - fractal_editor.error_handling - ERROR - handle_general_error:218 - 一般エラー - コンテキスト: , エラー: テストエラー 28
NoneType: None
2025-07-18 13:37:51 - fractal_editor.error_handling - ERROR - handle_general_error:218 - 一般エラー - コンテキスト: , エラー: テストエラー 29
NoneType: None
2025-07-18 13:37:51 - fractal_editor.error_handling - ERROR - handle_general_error:218 - 一般エラー - コンテキスト: , エラー: テストエラー 30
NoneType: None
2025-07-18 13:37:51 - fractal_editor.error_handling - ERROR - handle_general_error:218 - 一般エラー - コンテキスト: , エラー: テストエラー 31
NoneType: None
2025-07-18 13:37:51 - fractal_editor.error_handling - ERROR - handle_general_error:218 - 一般エラー - コンテキスト: , エラー: テストエラー 32
NoneType: None
2025-07-18 13:37:51 - fractal_editor.error_handling - ERROR - handle_general_error:218 - 一般エラー - コンテキスト: , エラー: テストエラー 33
NoneType: None
2025-07-18 13:37:51 - fractal_editor.error_handling - ERROR - handle_general_error:218 - 一般エラー - コンテキスト: , エラー: テストエラー 34
NoneType: None
2025-07-18 13:37:51 - fractal_editor.error_handling - ERROR - handle_general_error:218 - 一般エラー - コンテキスト: , エラー: テストエラー 35
NoneType: None
2025-07-18 13:37:51 - fractal_editor.error_handling - ERROR - handle_general_error:218 - 一般エラー - コンテキスト: , エラー: テストエラー 36
NoneType: None
2025-07-18 13:37:51 - fractal_editor.error_handling - ERROR - handle_general_error:218 - 一般エラー - コンテキスト: , エラー: テストエラー 37
NoneType: None
2025-07-18 13:37:51 - fractal_editor.error_handling - ERROR - handle_general_error:218 - 一般エラー - コンテキスト: , エラー: テストエラー 38
NoneType: None
2025-07-18 13:37:51 - fractal_editor.error_handling - ERROR - handle_general_error:218 - 一般エラー - コンテキスト: , エラー: テストエラー 39
NoneType: None
2025-07-18 13:37:51 - fractal_editor.error_handling - ERROR - handle_general_error:218 - 一般エラー - コンテキスト: , エラー: テストエラー 40
NoneType: None
2025-07-18 13:37:51 - fractal_editor.error_handling - ERROR - handle_general_error:218 - 一般エラー - コンテキスト: , エラー: テストエラー 41
NoneType: None
2025-07-18 13:37:51 - fractal_editor.error_handling - ERROR - handle_general_error:218 - 一般エラー - コンテキスト: , エラー: テストエラー 42
NoneType: None
2025-07-18 13:37:51 - fractal_editor.error_handling - ERROR - handle_general_error:218 - 一般エラー - コンテキスト: , エラー: テストエラー 43
NoneType: None
2025-07-18 13:37:51 - fractal_editor.error_handling - ERROR - handle_general_error:218 - 一般エラー - コンテキスト: , エラー: テストエラー 44
NoneType: None
2025-07-18 13:37:51 - fractal_editor.error_handling - ERROR - handle_general_error:218 - 一般エラー - コンテキスト: , エラー: テストエラー 45
NoneType: None
2025-07-18 13:37:51 - fractal_editor.error_handling - ERROR - handle_general_error:218 - 一般エラー - コンテキスト: , エラー: テストエラー 46
NoneType: None
2025-07-18 13:37:51 - fractal_editor.error_handling - ERROR - handle_general_error:218 - 一般エラー - コンテキスト: , エラー: テストエラー 47
NoneType: None
2025-07-18 13:37:51 - fractal_editor.error_handling - ERROR - handle_general_error:218 - 一般エラー - コンテキスト: , エラー: テストエラー 48
NoneType: None
2025-07-18 13:37:51 - fractal_editor.error_handling - ERROR - handle_general_error:218 - 一般エラー - コンテキスト: , エラー: テストエラー 49
NoneType: None
2025-07-18 13:37:51 - fractal_editor.error_handling - ERROR - handle_general_error:218 - 一般エラー - コンテキスト: , エラー: テストエラー 50
NoneType: None
2025-07-18 13:37:51 - fractal_editor.error_handling - ERROR - handle_general_error:218 - 一般エラー - コンテキスト: , エラー: テストエラー 51
NoneType: None
2025-07-18 13:37:51 - fractal_editor.error_handling - ERROR - handle_general_error:218 - 一般エラー - コンテキスト: , エラー: テストエラー 52
NoneType: None
2025-07-18 13:37:51 - fractal_editor.error_handling - ERROR - handle_general_error:218 - 一般エラー - コンテキスト: , エラー: テストエラー 53
NoneType: None
2025-07-18 13:37:51 - fractal_editor.error_handling - ERROR - handle_general_error:218 - 一般エラー - コンテキスト: , エラー: テストエラー 54
NoneType: None
2025-07-18 13:37:51 - fractal_editor.error_handling - ERROR - handle_general_error:218 - 一般エラー - コンテキスト: , エラー: テストエラー 55
NoneType: None
2025-07-18 13:37:51 - fractal_editor.error_handling - ERROR - handle_general_error:218 - 一般エラー - コンテキスト: , エラー: テストエラー 56
NoneType: None
2025-07-18 13:37:51 - fractal_editor.error_handling - ERROR - handle_general_error:218 - 一般エラー - コンテキスト: , エラー: テストエラー 57
NoneType: None
2025-07-18 13:37:51 - fractal_editor.error_handling - ERROR - handle_general_error:218 - 一般エラー - コンテキスト: , エラー: テストエラー 58
NoneType: None
2025-07-18 13:37:51 - fractal_editor.error_handling - ERROR - handle_general_error:218 - 一般エラー - コンテキスト: , エラー: テストエラー 59
NoneType: None
2025-07-18 13:37:51 - fractal_editor.error_handling - ERROR - handle_general_error:218 - 一般エラー - コンテキスト: , エラー: テストエラー 60
NoneType: None
2025-07-18 13:37:51 - fractal_editor.error_handling - ERROR - handle_general_error:218 - 一般エラー - コンテキスト: , エラー: テストエラー 61
NoneType: None
2025-07-18 13:37:51 - fractal_editor.error_handling - ERROR - handle_general_error:218 - 一般エラー - コンテキスト: , エラー: テストエラー 62
NoneType: None
2025-07-18 13:37:51 - fractal_editor.error_handling - ERROR - handle_general_error:218 - 一般エラー - コンテキスト: , エラー: テストエラー 63
NoneType: None
2025-07-18 13:37:51 - fractal_editor.error_handling - ERROR - handle_general_error:218 - 一般エラー - コンテキスト: , エラー: テストエラー 64
NoneType: None
2025-07-18 13:37:51 - fractal_editor.error_handling - ERROR - handle_general_error:218 - 一般エラー - コンテキスト: , エラー: テストエラー 65
NoneType: None
2025-07-18 13:37:51 - fractal_editor.error_handling - ERROR - handle_general_error:218 - 一般エラー - コンテキスト: , エラー: テストエラー 66
NoneType: None
2025-07-18 13:37:51 - fractal_editor.error_handling - ERROR - handle_general_error:218 - 一般エラー - コンテキスト: , エラー: テストエラー 67
NoneType: None
2025-07-18 13:37:51 - fractal_editor.error_handling - ERROR - handle_general_error:218 - 一般エラー - コンテキスト: , エラー: テストエラー 68
NoneType: None
2025-07-18 13:37:51 - fractal_editor.error_handling - ERROR - handle_general_error:218 - 一般エラー - コンテキスト: , エラー: テストエラー 69
NoneType: None
2025-07-18 13:37:51 - fractal_editor.error_handling - ERROR - handle_general_error:218 - 一般エラー - コンテキスト: , エラー: テストエラー 70
NoneType: None
2025-07-18 13:37:51 - fractal_editor.error_handling - ERROR - handle_general_error:218 - 一般エラー - コンテキスト: , エラー: テストエラー 71
NoneType: None
2025-07-18 13:37:51 - fractal_editor.error_handling - ERROR - handle_general_error:218 - 一般エラー - コンテキスト: , エラー: テストエラー 72
NoneType: None
2025-07-18 13:37:51 - fractal_editor.error_handling - ERROR - handle_general_error:218 - 一般エラー - コンテキスト: , エラー: テストエラー 73
NoneType: None
2025-07-18 13:37:51 - fractal_editor.error_handling - ERROR - handle_general_error:218 - 一般エラー - コンテキスト: , エラー: テストエラー 74
NoneType: None
2025-07-18 13:37:51 - fractal_editor.error_handling - ERROR - handle_general_error:218 - 一般エラー - コンテキスト: , エラー: テストエラー 75
NoneType: None
2025-07-18 13:37:51 - fractal_editor.error_handling - ERROR - handle_general_error:218 - 一般エラー - コンテキスト: , エラー: テストエラー 76
NoneType: None
2025-07-18 13:37:51 - fractal_editor.error_handling - ERROR - handle_general_error:218 - 一般エラー - コンテキスト: , エラー: テストエラー 77
NoneType: None
2025-07-18 13:37:51 - fractal_editor.error_handling - ERROR - handle_general_error:218 - 一般エラー - コンテキスト: , エラー: テストエラー 78
NoneType: None
2025-07-18 13:37:51 - fractal_editor.error_handling - ERROR - handle_general_error:218 - 一般エラー - コンテキスト: , エラー: テストエラー 79
NoneType: None
2025-07-18 13:37:51 - fractal_editor.error_handling - ERROR - handle_general_error:218 - 一般エラー - コンテキスト: , エラー: テストエラー 80
NoneType: None
2025-07-18 13:37:51 - fractal_editor.error_handling - ERROR - handle_general_error:218 - 一般エラー - コンテキスト: , エラー: テストエラー 81
NoneType: None
2025-07-18 13:37:51 - fractal_editor.error_handling - ERROR - handle_general_error:218 - 一般エラー - コンテキスト: , エラー: テストエラー 82
NoneType: None
2025-07-18 13:37:51 - fractal_editor.error_handling - ERROR - handle_general_error:218 - 一般エラー - コンテキスト: , エラー: テストエラー 83
NoneType: None
2025-07-18 13:37:51 - fractal_editor.error_handling - ERROR - handle_general_error:218 - 一般エラー - コンテキスト: , エラー: テストエラー 84
NoneType: None
2025-07-18 13:37:51 - fractal_editor.error_handling - ERROR - handle_general_error:218 - 一般エラー - コンテキスト: , エラー: テストエラー 85
NoneType: None
2025-07-18 13:37:51 - fractal_editor.error_handling - ERROR - handle_general_error:218 - 一般エラー - コンテキスト: , エラー: テストエラー 86
NoneType: None
2025-07-18 13:37:51 - fractal_editor.error_handling - ERROR - handle_general_error:218 - 一般エラー - コンテキスト: , エラー: テストエラー 87
NoneType: None
2025-07-18 13:37:51 - fractal_editor.error_handling - ERROR - handle_general_error:218 - 一般エラー - コンテキスト: , エラー: テストエラー 88
NoneType: None
2025-07-18 13:37:51 - fractal_editor.error_handling - ERROR - handle_general_error:218 - 一般エラー - コンテキスト: , エラー: テストエラー 89
NoneType: None
2025-07-18 13:37:51 - fractal_editor.error_handling - ERROR - handle_general_error:218 - 一般エラー - コンテキスト: , エラー: テストエラー 90
NoneType: None
2025-07-18 13:37:51 - fractal_editor.error_handling - ERROR - handle_general_error:218 - 一般エラー - コンテキスト: , エラー: テストエラー 91
NoneType: None
2025-07-18 13:37:51 - fractal_editor.error_handling - ERROR - handle_general_error:218 - 一般エラー - コンテキスト: , エラー: テストエラー 92
NoneType: None
2025-07-18 13:37:51 - fractal_editor.error_handling - ERROR - handle_general_error:218 - 一般エラー - コンテキスト: , エラー: テストエラー 93
NoneType: None
2025-07-18 13:37:51 - fractal_editor.error_handling - ERROR - handle_general_error:218 - 一般エラー - コンテキスト: , エラー: テストエラー 94
NoneType: None
2025-07-18 13:37:51 - fractal_editor.error_handling - ERROR - handle_general_error:218 - 一般エラー - コンテキスト: , エラー: テストエラー 95
NoneType: None
2025-07-18 13:37:51 - fractal_editor.error_handling - ERROR - handle_general_error:218 - 一般エラー - コンテキスト: , エラー: テストエラー 96
NoneType: None
2025-07-18 13:37:51 - fractal_editor.error_handling - ERROR - handle_general_error:218 - 一般エラー - コンテキスト: , エラー: テストエラー 97
NoneType: None
2025-07-18 13:37:51 - fractal_editor.error_handling - ERROR - handle_general_error:218 - 一般エラー - コンテキスト: , エラー: テストエラー 98
NoneType: None
2025-07-18 13:37:51 - fractal_editor.error_handling - ERROR - handle_general_error:218 - 一般エラー - コンテキスト: , エラー: テストエラー 99
NoneType: None
2025-07-18 13:37:51 - fractal_editor.error_handling - ERROR - handle_general_error:218 - 一般エラー - コンテキスト: , エラー: テストエラー 100
NoneType: None
2025-07-18 13:37:51 - fractal_editor.error_handling - ERROR - handle_general_error:218 - 一般エラー - コンテキスト: , エラー: テストエラー 101
NoneType: None
2025-07-18 13:37:51 - fractal_editor.error_handling - ERROR - handle_general_error:218 - 一般エラー - コンテキスト: , エラー: テストエラー 102
NoneType: None
2025-07-18 13:37:51 - fractal_editor.error_handling - ERROR - handle_general_error:218 - 一般エラー - コンテキスト: , エラー: テストエラー 103
NoneType: None
2025-07-18 13:37:51 - fractal_editor.error_handling - ERROR - handle_general_error:218 - 一般エラー - コンテキスト: , エラー: テストエラー 104
NoneType: None
2025-07-18 13:37:51 - fractal_editor.error_handling - ERROR - handle_general_error:218 - 一般エラー - コンテキスト: テスト, エラー: エクスポートテスト用エラー
NoneType: None
2025-07-18 13:37:51 - fractal_editor.error_handling - ERROR - handle_formula_error:146 - 数式エラー (FormulaEvaluation): 数式の評価に失敗しました
2025-07-18 13:37:51 - fractal_editor.error_handling - ERROR - handle_formula_error:146 - 数式エラー (FormulaValidation): 無効な数式です
2025-07-18 13:37:51 - fractal_editor.error_handling - ERROR - handle_calculation_error:136 - フラクタル計算エラー - ステージ: iteration, エラー: 計算でオーバーフローが発生
2025-07-18 13:37:51 - fractal_editor.error_handling - ERROR - handle_general_error:218 - 一般エラー - コンテキスト: テストコンテキスト, エラー: 一般的なエラー
NoneType: None
2025-07-18 13:37:51 - fractal_editor.error_handling - ERROR - handle_image_export_error:172 - 画像出力エラー - ファイル: /path/to/image.png, 形式: PNG, エラー: 画像の保存に失敗
2025-07-18 13:37:51 - fractal_editor.error_handling - ERROR - handle_memory_error:195 - メモリエラー - 要求サイズ: 104857600, エラー: メモリが不足しています
2025-07-18 13:37:51 - fractal_editor.error_handling - ERROR - handle_general_error:218 - 一般エラー - コンテキスト: , エラー: 一般エラー1
NoneType: None
2025-07-18 13:37:51 - fractal_editor.error_handling - ERROR - handle_general_error:218 - 一般エラー - コンテキスト: , エラー: 一般エラー2
NoneType: None
2025-07-18 13:37:51 - fractal_editor.error_handling - ERROR - handle_formula_error:146 - 数式エラー (FormulaValidation): 数式エラー
2025-07-18 13:37:51 - fractal_editor.error_handling - ERROR - handle_ui_error:206 - UIエラー - コンポーネント: , エラー: UIエラー
2025-07-18 13:37:51 - fractal_editor.error_handling - ERROR - handle_plugin_error:160 - プラグインエラー - 名前: TestPlugin, パス: /path/to/plugin, エラー: プラグインの読み込みに失敗
2025-07-18 13:37:51 - fractal_editor.error_handling - ERROR - handle_project_file_error:184 - プロジェクトファイルエラー - 操作: load, ファイル: /path/to/project.json, エラー: ファイルの読み込みに失敗
2025-07-18 13:37:51 - fractal_editor.error_handling - ERROR - handle_ui_error:206 - UIエラー - コンポーネント: FractalWidget, エラー: ウィジェットの初期化に失敗
2025-07-18 13:37:51 - fractal_editor.error_handling - ERROR - handle_formula_error:146 - 数式エラー (FormulaValidation): 無効な数式
2025-07-18 13:37:51 - fractal_editor.error_handling - ERROR - handle_calculation_error:136 - フラクタル計算エラー - ステージ: test_stage, エラー: テスト用エラー
2025-07-18 13:37:51 - fractal_editor.error_handling - ERROR - handle_plugin_error:160 - プラグインエラー - 名前: TestPlugin, パス: /path/to/plugin, エラー: プラグインエラー
2025-07-18 13:37:51 - fractal_editor.error_handling - ERROR - handle_ui_error:206 - UIエラー - コンポーネント: TestWidget, エラー: UIエラー
2025-07-18 13:37:51 - fractal_editor.error_handling - ERROR - handle_formula_error:146 - 数式エラー (FormulaValidation): デコレータテスト用エラー
2025-07-18 13:37:51 - fractal_editor.error_handling - ERROR - handle_plugin_error:160 - プラグインエラー - 名前: TestPlugin, パス: /test/path, エラー: プラグインテスト用エラー
2025-07-18 13:37:51 - fractal_editor.error_handling - ERROR - handle_ui_error:206 - UIエラー - コンポーネント: TestComponent, エラー: UIテスト用エラー
2025-07-18 13:37:51 - fractal_editor.error_handling - ERROR - handle_general_error:218 - 一般エラー - コンテキスト: テスト (高品質), エラー: 高品質エラー
Traceback (most recent call last):
  File "C:\TAKAGI\MyCode\kiro_frac\fractal_editor\services\error_context.py", line 123, in general_operation
    yield
  File "C:\TAKAGI\MyCode\kiro_frac\fractal_editor\services\error_context.py", line 256, in graceful_degradation
    return func()
           ^^^^^^
  File "C:\TAKAGI\MyCode\kiro_frac\test_error_context.py", line 255, in high_quality
    raise ValueError("高品質エラー")
ValueError: 高品質エラー
2025-07-18 13:37:51 - fractal_editor.error_handling - ERROR - handle_general_error:218 - 一般エラー - コンテキスト: テスト (中品質), エラー: 中品質エラー
Traceback (most recent call last):
  File "C:\TAKAGI\MyCode\kiro_frac\fractal_editor\services\error_context.py", line 123, in general_operation
    yield
  File "C:\TAKAGI\MyCode\kiro_frac\fractal_editor\services\error_context.py", line 256, in graceful_degradation
    return func()
           ^^^^^^
  File "C:\TAKAGI\MyCode\kiro_frac\test_error_context.py", line 258, in medium_quality
    raise ValueError("中品質エラー")
ValueError: 中品質エラー
2025-07-18 13:37:51 - fractal_editor.error_handling - ERROR - handle_general_error:218 - 一般エラー - コンテキスト: テスト (低品質), エラー: 低品質エラー
Traceback (most recent call last):
  File "C:\TAKAGI\MyCode\kiro_frac\fractal_editor\services\error_context.py", line 123, in general_operation
    yield
  File "C:\TAKAGI\MyCode\kiro_frac\fractal_editor\services\error_context.py", line 256, in graceful_degradation
    return func()
           ^^^^^^
  File "C:\TAKAGI\MyCode\kiro_frac\test_error_context.py", line 261, in low_quality
    raise ValueError("低品質エラー")
ValueError: 低品質エラー
2025-07-18 13:37:51 - fractal_editor.error_handling - ERROR - handle_general_error:218 - 一般エラー - コンテキスト: テスト - 全ての品質レベルで失敗, エラー: 低品質エラー
Traceback (most recent call last):
  File "C:\TAKAGI\MyCode\kiro_frac\fractal_editor\services\error_context.py", line 256, in graceful_degradation
    return func()
           ^^^^^^
  File "C:\TAKAGI\MyCode\kiro_frac\test_error_context.py", line 261, in low_quality
    raise ValueError("低品質エラー")
ValueError: 低品質エラー
2025-07-18 13:37:51 - fractal_editor.error_handling - ERROR - handle_general_error:218 - 一般エラー - コンテキスト: テスト (高品質), エラー: 高品質エラー
Traceback (most recent call last):
  File "C:\TAKAGI\MyCode\kiro_frac\fractal_editor\services\error_context.py", line 123, in general_operation
    yield
  File "C:\TAKAGI\MyCode\kiro_frac\fractal_editor\services\error_context.py", line 256, in graceful_degradation
    return func()
           ^^^^^^
  File "C:\TAKAGI\MyCode\kiro_frac\test_error_context.py", line 239, in high_quality
    raise ValueError("高品質エラー")
ValueError: 高品質エラー
2025-07-18 13:37:51 - fractal_editor.error_handling - ERROR - handle_general_error:218 - 一般エラー - コンテキスト: テスト (中品質), エラー: 中品質エラー
Traceback (most recent call last):
  File "C:\TAKAGI\MyCode\kiro_frac\fractal_editor\services\error_context.py", line 123, in general_operation
    yield
  File "C:\TAKAGI\MyCode\kiro_frac\fractal_editor\services\error_context.py", line 256, in graceful_degradation
    return func()
           ^^^^^^
  File "C:\TAKAGI\MyCode\kiro_frac\test_error_context.py", line 242, in medium_quality
    raise ValueError("中品質エラー")
ValueError: 中品質エラー
2025-07-18 13:37:51 - fractal_editor.error_handling - ERROR - handle_general_error:218 - 一般エラー - コンテキスト: テスト (高品質), エラー: 高品質エラー
Traceback (most recent call last):
  File "C:\TAKAGI\MyCode\kiro_frac\fractal_editor\services\error_context.py", line 123, in general_operation
    yield
  File "C:\TAKAGI\MyCode\kiro_frac\fractal_editor\services\error_context.py", line 256, in graceful_degradation
    return func()
           ^^^^^^
  File "C:\TAKAGI\MyCode\kiro_frac\test_error_context.py", line 223, in high_quality
    raise ValueError("高品質エラー")
ValueError: 高品質エラー
2025-07-18 13:37:51 - fractal_editor.error_handling - ERROR - handle_general_error:218 - 一般エラー - コンテキスト: テスト (試行 1), エラー: 一時的なエラー
Traceback (most recent call last):
  File "C:\TAKAGI\MyCode\kiro_frac\fractal_editor\services\error_context.py", line 123, in general_operation
    yield
  File "C:\TAKAGI\MyCode\kiro_frac\fractal_editor\services\error_context.py", line 223, in retry_with_fallback
    return primary_func()
           ^^^^^^^^^^^^^^
  File "C:\TAKAGI\MyCode\kiro_frac\test_error_context.py", line 179, in primary_func
    raise ValueError("一時的なエラー")
ValueError: 一時的なエラー
2025-07-18 13:37:51 - fractal_editor.error_handling - ERROR - handle_general_error:218 - 一般エラー - コンテキスト: テスト (試行 1), エラー: プライマリエラー
Traceback (most recent call last):
  File "C:\TAKAGI\MyCode\kiro_frac\fractal_editor\services\error_context.py", line 123, in general_operation
    yield
  File "C:\TAKAGI\MyCode\kiro_frac\fractal_editor\services\error_context.py", line 223, in retry_with_fallback
    return primary_func()
           ^^^^^^^^^^^^^^
  File "C:\TAKAGI\MyCode\kiro_frac\test_error_context.py", line 194, in primary_func
    raise ValueError("プライマリエラー")
ValueError: プライマリエラー
2025-07-18 13:37:51 - fractal_editor.error_handling - ERROR - handle_general_error:218 - 一般エラー - コンテキスト: テスト (試行 2), エラー: プライマリエラー
Traceback (most recent call last):
  File "C:\TAKAGI\MyCode\kiro_frac\fractal_editor\services\error_context.py", line 123, in general_operation
    yield
  File "C:\TAKAGI\MyCode\kiro_frac\fractal_editor\services\error_context.py", line 223, in retry_with_fallback
    return primary_func()
           ^^^^^^^^^^^^^^
  File "C:\TAKAGI\MyCode\kiro_frac\test_error_context.py", line 194, in primary_func
    raise ValueError("プライマリエラー")
ValueError: プライマリエラー
2025-07-18 13:37:51 - fractal_editor.error_handling - ERROR - handle_general_error:218 - 一般エラー - コンテキスト: テスト, エラー: エラー
Traceback (most recent call last):
  File "C:\TAKAGI\MyCode\kiro_frac\fractal_editor\services\error_context.py", line 123, in general_operation
    yield
  File "C:\TAKAGI\MyCode\kiro_frac\fractal_editor\services\error_context.py", line 201, in safe_execute
    return func(*args, **kwargs)
           ^^^^^^^^^^^^^^^^^^^^^
  File "C:\TAKAGI\MyCode\kiro_frac\test_error_context.py", line 137, in failure_function
    raise ValueError("エラー")
ValueError: エラー
2025-07-18 13:37:51 - fractal_editor.error_handling - ERROR - handle_general_error:218 - 一般エラー - コンテキスト: テスト, エラー: エラー
Traceback (most recent call last):
  File "C:\TAKAGI\MyCode\kiro_frac\fractal_editor\services\error_context.py", line 123, in general_operation
    yield
  File "C:\TAKAGI\MyCode\kiro_frac\fractal_editor\services\error_context.py", line 201, in safe_execute
    return func(*args, **kwargs)
           ^^^^^^^^^^^^^^^^^^^^^
  File "C:\TAKAGI\MyCode\kiro_frac\test_error_context.py", line 145, in failure_function
    raise ValueError("エラー")
ValueError: エラー
2025-07-18 13:57:36 - fractal_editor.error_handling - ERROR - handle_general_error:218 - 一般エラー - コンテキスト: , エラー: テストエラー 0
NoneType: None
2025-07-18 13:57:36 - fractal_editor.error_handling - ERROR - handle_general_error:218 - 一般エラー - コンテキスト: , エラー: テストエラー 1
NoneType: None
2025-07-18 13:57:36 - fractal_editor.error_handling - ERROR - handle_general_error:218 - 一般エラー - コンテキスト: , エラー: テストエラー 2
NoneType: None
2025-07-18 13:57:36 - fractal_editor.error_handling - ERROR - handle_general_error:218 - 一般エラー - コンテキスト: , エラー: テストエラー 3
NoneType: None
2025-07-18 13:57:36 - fractal_editor.error_handling - ERROR - handle_general_error:218 - 一般エラー - コンテキスト: , エラー: テストエラー 4
NoneType: None
2025-07-18 13:57:36 - fractal_editor.error_handling - CRITICAL - handle_critical_error:231 - クリティカルエラー - コンテキスト: システム初期化, エラー: クリティカルエラー
NoneType: None
2025-07-18 13:57:36 - fractal_editor.error_handling - ERROR - handle_general_error:218 - 一般エラー - コンテキスト: , エラー: テストエラー 0
NoneType: None
2025-07-18 13:57:36 - fractal_editor.error_handling - ERROR - handle_general_error:218 - 一般エラー - コンテキスト: , エラー: テストエラー 1
NoneType: None
2025-07-18 13:57:36 - fractal_editor.error_handling - ERROR - handle_general_error:218 - 一般エラー - コンテキスト: , エラー: テストエラー 2
NoneType: None
2025-07-18 13:57:36 - fractal_editor.error_handling - ERROR - handle_general_error:218 - 一般エラー - コンテキスト: , エラー: テストエラー 3
NoneType: None
2025-07-18 13:57:36 - fractal_editor.error_handling - ERROR - handle_general_error:218 - 一般エラー - コンテキスト: , エラー: テストエラー 4
NoneType: None
2025-07-18 13:57:36 - fractal_editor.error_handling - ERROR - handle_general_error:218 - 一般エラー - コンテキスト: , エラー: テストエラー 5
NoneType: None
2025-07-18 13:57:36 - fractal_editor.error_handling - ERROR - handle_general_error:218 - 一般エラー - コンテキスト: , エラー: テストエラー 6
NoneType: None
2025-07-18 13:57:36 - fractal_editor.error_handling - ERROR - handle_general_error:218 - 一般エラー - コンテキスト: , エラー: テストエラー 7
NoneType: None
2025-07-18 13:57:36 - fractal_editor.error_handling - ERROR - handle_general_error:218 - 一般エラー - コンテキスト: , エラー: テストエラー 8
NoneType: None
2025-07-18 13:57:36 - fractal_editor.error_handling - ERROR - handle_general_error:218 - 一般エラー - コンテキスト: , エラー: テストエラー 9
NoneType: None
2025-07-18 13:57:36 - fractal_editor.error_handling - ERROR - handle_general_error:218 - 一般エラー - コンテキスト: , エラー: テストエラー 10
NoneType: None
2025-07-18 13:57:36 - fractal_editor.error_handling - ERROR - handle_general_error:218 - 一般エラー - コンテキスト: , エラー: テストエラー 11
NoneType: None
2025-07-18 13:57:36 - fractal_editor.error_handling - ERROR - handle_general_error:218 - 一般エラー - コンテキスト: , エラー: テストエラー 12
NoneType: None
2025-07-18 13:57:36 - fractal_editor.error_handling - ERROR - handle_general_error:218 - 一般エラー - コンテキスト: , エラー: テストエラー 13
NoneType: None
2025-07-18 13:57:36 - fractal_editor.error_handling - ERROR - handle_general_error:218 - 一般エラー - コンテキスト: , エラー: テストエラー 14
NoneType: None
2025-07-18 13:57:36 - fractal_editor.error_handling - ERROR - handle_general_error:218 - 一般エラー - コンテキスト: , エラー: テストエラー 15
NoneType: None
2025-07-18 13:57:36 - fractal_editor.error_handling - ERROR - handle_general_error:218 - 一般エラー - コンテキスト: , エラー: テストエラー 16
NoneType: None
2025-07-18 13:57:36 - fractal_editor.error_handling - ERROR - handle_general_error:218 - 一般エラー - コンテキスト: , エラー: テストエラー 17
NoneType: None
2025-07-18 13:57:36 - fractal_editor.error_handling - ERROR - handle_general_error:218 - 一般エラー - コンテキスト: , エラー: テストエラー 18
NoneType: None
2025-07-18 13:57:36 - fractal_editor.error_handling - ERROR - handle_general_error:218 - 一般エラー - コンテキスト: , エラー: テストエラー 19
NoneType: None
2025-07-18 13:57:36 - fractal_editor.error_handling - ERROR - handle_general_error:218 - 一般エラー - コンテキスト: , エラー: テストエラー 20
NoneType: None
2025-07-18 13:57:36 - fractal_editor.error_handling - ERROR - handle_general_error:218 - 一般エラー - コンテキスト: , エラー: テストエラー 21
NoneType: None
2025-07-18 13:57:36 - fractal_editor.error_handling - ERROR - handle_general_error:218 - 一般エラー - コンテキスト: , エラー: テストエラー 22
NoneType: None
2025-07-18 13:57:36 - fractal_editor.error_handling - ERROR - handle_general_error:218 - 一般エラー - コンテキスト: , エラー: テストエラー 23
NoneType: None
2025-07-18 13:57:36 - fractal_editor.error_handling - ERROR - handle_general_error:218 - 一般エラー - コンテキスト: , エラー: テストエラー 24
NoneType: None
2025-07-18 13:57:36 - fractal_editor.error_handling - ERROR - handle_general_error:218 - 一般エラー - コンテキスト: , エラー: テストエラー 25
NoneType: None
2025-07-18 13:57:36 - fractal_editor.error_handling - ERROR - handle_general_error:218 - 一般エラー - コンテキスト: , エラー: テストエラー 26
NoneType: None
2025-07-18 13:57:36 - fractal_editor.error_handling - ERROR - handle_general_error:218 - 一般エラー - コンテキスト: , エラー: テストエラー 27
NoneType: None
2025-07-18 13:57:36 - fractal_editor.error_handling - ERROR - handle_general_error:218 - 一般エラー - コンテキスト: , エラー: テストエラー 28
NoneType: None
2025-07-18 13:57:36 - fractal_editor.error_handling - ERROR - handle_general_error:218 - 一般エラー - コンテキスト: , エラー: テストエラー 29
NoneType: None
2025-07-18 13:57:36 - fractal_editor.error_handling - ERROR - handle_general_error:218 - 一般エラー - コンテキスト: , エラー: テストエラー 30
NoneType: None
2025-07-18 13:57:36 - fractal_editor.error_handling - ERROR - handle_general_error:218 - 一般エラー - コンテキスト: , エラー: テストエラー 31
NoneType: None
2025-07-18 13:57:36 - fractal_editor.error_handling - ERROR - handle_general_error:218 - 一般エラー - コンテキスト: , エラー: テストエラー 32
NoneType: None
2025-07-18 13:57:36 - fractal_editor.error_handling - ERROR - handle_general_error:218 - 一般エラー - コンテキスト: , エラー: テストエラー 33
NoneType: None
2025-07-18 13:57:36 - fractal_editor.error_handling - ERROR - handle_general_error:218 - 一般エラー - コンテキスト: , エラー: テストエラー 34
NoneType: None
2025-07-18 13:57:36 - fractal_editor.error_handling - ERROR - handle_general_error:218 - 一般エラー - コンテキスト: , エラー: テストエラー 35
NoneType: None
2025-07-18 13:57:36 - fractal_editor.error_handling - ERROR - handle_general_error:218 - 一般エラー - コンテキスト: , エラー: テストエラー 36
NoneType: None
2025-07-18 13:57:36 - fractal_editor.error_handling - ERROR - handle_general_error:218 - 一般エラー - コンテキスト: , エラー: テストエラー 37
NoneType: None
2025-07-18 13:57:36 - fractal_editor.error_handling - ERROR - handle_general_error:218 - 一般エラー - コンテキスト: , エラー: テストエラー 38
NoneType: None
2025-07-18 13:57:36 - fractal_editor.error_handling - ERROR - handle_general_error:218 - 一般エラー - コンテキスト: , エラー: テストエラー 39
NoneType: None
2025-07-18 13:57:36 - fractal_editor.error_handling - ERROR - handle_general_error:218 - 一般エラー - コンテキスト: , エラー: テストエラー 40
NoneType: None
2025-07-18 13:57:36 - fractal_editor.error_handling - ERROR - handle_general_error:218 - 一般エラー - コンテキスト: , エラー: テストエラー 41
NoneType: None
2025-07-18 13:57:36 - fractal_editor.error_handling - ERROR - handle_general_error:218 - 一般エラー - コンテキスト: , エラー: テストエラー 42
NoneType: None
2025-07-18 13:57:36 - fractal_editor.error_handling - ERROR - handle_general_error:218 - 一般エラー - コンテキスト: , エラー: テストエラー 43
NoneType: None
2025-07-18 13:57:36 - fractal_editor.error_handling - ERROR - handle_general_error:218 - 一般エラー - コンテキスト: , エラー: テストエラー 44
NoneType: None
2025-07-18 13:57:36 - fractal_editor.error_handling - ERROR - handle_general_error:218 - 一般エラー - コンテキスト: , エラー: テストエラー 45
NoneType: None
2025-07-18 13:57:36 - fractal_editor.error_handling - ERROR - handle_general_error:218 - 一般エラー - コンテキスト: , エラー: テストエラー 46
NoneType: None
2025-07-18 13:57:36 - fractal_editor.error_handling - ERROR - handle_general_error:218 - 一般エラー - コンテキスト: , エラー: テストエラー 47
NoneType: None
2025-07-18 13:57:36 - fractal_editor.error_handling - ERROR - handle_general_error:218 - 一般エラー - コンテキスト: , エラー: テストエラー 48
NoneType: None
2025-07-18 13:57:36 - fractal_editor.error_handling - ERROR - handle_general_error:218 - 一般エラー - コンテキスト: , エラー: テストエラー 49
NoneType: None
2025-07-18 13:57:36 - fractal_editor.error_handling - ERROR - handle_general_error:218 - 一般エラー - コンテキスト: , エラー: テストエラー 50
NoneType: None
2025-07-18 13:57:36 - fractal_editor.error_handling - ERROR - handle_general_error:218 - 一般エラー - コンテキスト: , エラー: テストエラー 51
NoneType: None
2025-07-18 13:57:36 - fractal_editor.error_handling - ERROR - handle_general_error:218 - 一般エラー - コンテキスト: , エラー: テストエラー 52
NoneType: None
2025-07-18 13:57:36 - fractal_editor.error_handling - ERROR - handle_general_error:218 - 一般エラー - コンテキスト: , エラー: テストエラー 53
NoneType: None
2025-07-18 13:57:36 - fractal_editor.error_handling - ERROR - handle_general_error:218 - 一般エラー - コンテキスト: , エラー: テストエラー 54
NoneType: None
2025-07-18 13:57:36 - fractal_editor.error_handling - ERROR - handle_general_error:218 - 一般エラー - コンテキスト: , エラー: テストエラー 55
NoneType: None
2025-07-18 13:57:36 - fractal_editor.error_handling - ERROR - handle_general_error:218 - 一般エラー - コンテキスト: , エラー: テストエラー 56
NoneType: None
2025-07-18 13:57:36 - fractal_editor.error_handling - ERROR - handle_general_error:218 - 一般エラー - コンテキスト: , エラー: テストエラー 57
NoneType: None
2025-07-18 13:57:36 - fractal_editor.error_handling - ERROR - handle_general_error:218 - 一般エラー - コンテキスト: , エラー: テストエラー 58
NoneType: None
2025-07-18 13:57:36 - fractal_editor.error_handling - ERROR - handle_general_error:218 - 一般エラー - コンテキスト: , エラー: テストエラー 59
NoneType: None
2025-07-18 13:57:36 - fractal_editor.error_handling - ERROR - handle_general_error:218 - 一般エラー - コンテキスト: , エラー: テストエラー 60
NoneType: None
2025-07-18 13:57:36 - fractal_editor.error_handling - ERROR - handle_general_error:218 - 一般エラー - コンテキスト: , エラー: テストエラー 61
NoneType: None
2025-07-18 13:57:36 - fractal_editor.error_handling - ERROR - handle_general_error:218 - 一般エラー - コンテキスト: , エラー: テストエラー 62
NoneType: None
2025-07-18 13:57:36 - fractal_editor.error_handling - ERROR - handle_general_error:218 - 一般エラー - コンテキスト: , エラー: テストエラー 63
NoneType: None
2025-07-18 13:57:36 - fractal_editor.error_handling - ERROR - handle_general_error:218 - 一般エラー - コンテキスト: , エラー: テストエラー 64
NoneType: None
2025-07-18 13:57:36 - fractal_editor.error_handling - ERROR - handle_general_error:218 - 一般エラー - コンテキスト: , エラー: テストエラー 65
NoneType: None
2025-07-18 13:57:36 - fractal_editor.error_handling - ERROR - handle_general_error:218 - 一般エラー - コンテキスト: , エラー: テストエラー 66
NoneType: None
2025-07-18 13:57:36 - fractal_editor.error_handling - ERROR - handle_general_error:218 - 一般エラー - コンテキスト: , エラー: テストエラー 67
NoneType: None
2025-07-18 13:57:36 - fractal_editor.error_handling - ERROR - handle_general_error:218 - 一般エラー - コンテキスト: , エラー: テストエラー 68
NoneType: None
2025-07-18 13:57:36 - fractal_editor.error_handling - ERROR - handle_general_error:218 - 一般エラー - コンテキスト: , エラー: テストエラー 69
NoneType: None
2025-07-18 13:57:36 - fractal_editor.error_handling - ERROR - handle_general_error:218 - 一般エラー - コンテキスト: , エラー: テストエラー 70
NoneType: None
2025-07-18 13:57:36 - fractal_editor.error_handling - ERROR - handle_general_error:218 - 一般エラー - コンテキスト: , エラー: テストエラー 71
NoneType: None
2025-07-18 13:57:36 - fractal_editor.error_handling - ERROR - handle_general_error:218 - 一般エラー - コンテキスト: , エラー: テストエラー 72
NoneType: None
2025-07-18 13:57:36 - fractal_editor.error_handling - ERROR - handle_general_error:218 - 一般エラー - コンテキスト: , エラー: テストエラー 73
NoneType: None
2025-07-18 13:57:36 - fractal_editor.error_handling - ERROR - handle_general_error:218 - 一般エラー - コンテキスト: , エラー: テストエラー 74
NoneType: None
2025-07-18 13:57:36 - fractal_editor.error_handling - ERROR - handle_general_error:218 - 一般エラー - コンテキスト: , エラー: テストエラー 75
NoneType: None
2025-07-18 13:57:36 - fractal_editor.error_handling - ERROR - handle_general_error:218 - 一般エラー - コンテキスト: , エラー: テストエラー 76
NoneType: None
2025-07-18 13:57:36 - fractal_editor.error_handling - ERROR - handle_general_error:218 - 一般エラー - コンテキスト: , エラー: テストエラー 77
NoneType: None
2025-07-18 13:57:36 - fractal_editor.error_handling - ERROR - handle_general_error:218 - 一般エラー - コンテキスト: , エラー: テストエラー 78
NoneType: None
2025-07-18 13:57:36 - fractal_editor.error_handling - ERROR - handle_general_error:218 - 一般エラー - コンテキスト: , エラー: テストエラー 79
NoneType: None
2025-07-18 13:57:36 - fractal_editor.error_handling - ERROR - handle_general_error:218 - 一般エラー - コンテキスト: , エラー: テストエラー 80
NoneType: None
2025-07-18 13:57:36 - fractal_editor.error_handling - ERROR - handle_general_error:218 - 一般エラー - コンテキスト: , エラー: テストエラー 81
NoneType: None
2025-07-18 13:57:36 - fractal_editor.error_handling - ERROR - handle_general_error:218 - 一般エラー - コンテキスト: , エラー: テストエラー 82
NoneType: None
2025-07-18 13:57:36 - fractal_editor.error_handling - ERROR - handle_general_error:218 - 一般エラー - コンテキスト: , エラー: テストエラー 83
NoneType: None
2025-07-18 13:57:36 - fractal_editor.error_handling - ERROR - handle_general_error:218 - 一般エラー - コンテキスト: , エラー: テストエラー 84
NoneType: None
2025-07-18 13:57:36 - fractal_editor.error_handling - ERROR - handle_general_error:218 - 一般エラー - コンテキスト: , エラー: テストエラー 85
NoneType: None
2025-07-18 13:57:36 - fractal_editor.error_handling - ERROR - handle_general_error:218 - 一般エラー - コンテキスト: , エラー: テストエラー 86
NoneType: None
2025-07-18 13:57:36 - fractal_editor.error_handling - ERROR - handle_general_error:218 - 一般エラー - コンテキスト: , エラー: テストエラー 87
NoneType: None
2025-07-18 13:57:36 - fractal_editor.error_handling - ERROR - handle_general_error:218 - 一般エラー - コンテキスト: , エラー: テストエラー 88
NoneType: None
2025-07-18 13:57:36 - fractal_editor.error_handling - ERROR - handle_general_error:218 - 一般エラー - コンテキスト: , エラー: テストエラー 89
NoneType: None
2025-07-18 13:57:36 - fractal_editor.error_handling - ERROR - handle_general_error:218 - 一般エラー - コンテキスト: , エラー: テストエラー 90
NoneType: None
2025-07-18 13:57:36 - fractal_editor.error_handling - ERROR - handle_general_error:218 - 一般エラー - コンテキスト: , エラー: テストエラー 91
NoneType: None
2025-07-18 13:57:36 - fractal_editor.error_handling - ERROR - handle_general_error:218 - 一般エラー - コンテキスト: , エラー: テストエラー 92
NoneType: None
2025-07-18 13:57:36 - fractal_editor.error_handling - ERROR - handle_general_error:218 - 一般エラー - コンテキスト: , エラー: テストエラー 93
NoneType: None
2025-07-18 13:57:36 - fractal_editor.error_handling - ERROR - handle_general_error:218 - 一般エラー - コンテキスト: , エラー: テストエラー 94
NoneType: None
2025-07-18 13:57:36 - fractal_editor.error_handling - ERROR - handle_general_error:218 - 一般エラー - コンテキスト: , エラー: テストエラー 95
NoneType: None
2025-07-18 13:57:36 - fractal_editor.error_handling - ERROR - handle_general_error:218 - 一般エラー - コンテキスト: , エラー: テストエラー 96
NoneType: None
2025-07-18 13:57:36 - fractal_editor.error_handling - ERROR - handle_general_error:218 - 一般エラー - コンテキスト: , エラー: テストエラー 97
NoneType: None
2025-07-18 13:57:36 - fractal_editor.error_handling - ERROR - handle_general_error:218 - 一般エラー - コンテキスト: , エラー: テストエラー 98
NoneType: None
2025-07-18 13:57:36 - fractal_editor.error_handling - ERROR - handle_general_error:218 - 一般エラー - コンテキスト: , エラー: テストエラー 99
NoneType: None
2025-07-18 13:57:36 - fractal_editor.error_handling - ERROR - handle_general_error:218 - 一般エラー - コンテキスト: , エラー: テストエラー 100
NoneType: None
2025-07-18 13:57:36 - fractal_editor.error_handling - ERROR - handle_general_error:218 - 一般エラー - コンテキスト: , エラー: テストエラー 101
NoneType: None
2025-07-18 13:57:36 - fractal_editor.error_handling - ERROR - handle_general_error:218 - 一般エラー - コンテキスト: , エラー: テストエラー 102
NoneType: None
2025-07-18 13:57:36 - fractal_editor.error_handling - ERROR - handle_general_error:218 - 一般エラー - コンテキスト: , エラー: テストエラー 103
NoneType: None
2025-07-18 13:57:36 - fractal_editor.error_handling - ERROR - handle_general_error:218 - 一般エラー - コンテキスト: , エラー: テストエラー 104
NoneType: None
2025-07-18 13:57:36 - fractal_editor.error_handling - ERROR - handle_general_error:218 - 一般エラー - コンテキスト: テスト, エラー: エクスポートテスト用エラー
NoneType: None
2025-07-18 13:57:36 - fractal_editor.error_handling - ERROR - handle_formula_error:146 - 数式エラー (FormulaEvaluation): 数式の評価に失敗しました
2025-07-18 13:57:36 - fractal_editor.error_handling - ERROR - handle_formula_error:146 - 数式エラー (FormulaValidation): 無効な数式です
2025-07-18 13:57:36 - fractal_editor.error_handling - ERROR - handle_calculation_error:136 - フラクタル計算エラー - ステージ: iteration, エラー: 計算でオーバーフローが発生
2025-07-18 13:57:36 - fractal_editor.error_handling - ERROR - handle_general_error:218 - 一般エラー - コンテキスト: テストコンテキスト, エラー: 一般的なエラー
NoneType: None
2025-07-18 13:57:36 - fractal_editor.error_handling - ERROR - handle_image_export_error:172 - 画像出力エラー - ファイル: /path/to/image.png, 形式: PNG, エラー: 画像の保存に失敗
2025-07-18 13:57:36 - fractal_editor.error_handling - ERROR - handle_memory_error:195 - メモリエラー - 要求サイズ: 104857600, エラー: メモリが不足しています
2025-07-18 13:57:36 - fractal_editor.error_handling - ERROR - handle_general_error:218 - 一般エラー - コンテキスト: , エラー: 一般エラー1
NoneType: None
2025-07-18 13:57:36 - fractal_editor.error_handling - ERROR - handle_general_error:218 - 一般エラー - コンテキスト: , エラー: 一般エラー2
NoneType: None
2025-07-18 13:57:36 - fractal_editor.error_handling - ERROR - handle_formula_error:146 - 数式エラー (FormulaValidation): 数式エラー
2025-07-18 13:57:36 - fractal_editor.error_handling - ERROR - handle_ui_error:206 - UIエラー - コンポーネント: , エラー: UIエラー
2025-07-18 13:57:36 - fractal_editor.error_handling - ERROR - handle_plugin_error:160 - プラグインエラー - 名前: TestPlugin, パス: /path/to/plugin, エラー: プラグインの読み込みに失敗
2025-07-18 13:57:36 - fractal_editor.error_handling - ERROR - handle_project_file_error:184 - プロジェクトファイルエラー - 操作: load, ファイル: /path/to/project.json, エラー: ファイルの読み込みに失敗
2025-07-18 13:57:36 - fractal_editor.error_handling - ERROR - handle_ui_error:206 - UIエラー - コンポーネント: FractalWidget, エラー: ウィジェットの初期化に失敗
2025-07-18 13:57:36 - fractal_editor.error_handling - ERROR - handle_formula_error:146 - 数式エラー (FormulaValidation): 無効な数式
2025-07-18 13:57:36 - fractal_editor.error_handling - ERROR - handle_calculation_error:136 - フラクタル計算エラー - ステージ: test_stage, エラー: テスト用エラー
2025-07-18 13:57:36 - fractal_editor.error_handling - ERROR - handle_plugin_error:160 - プラグインエラー - 名前: TestPlugin, パス: /path/to/plugin, エラー: プラグインエラー
2025-07-18 13:57:36 - fractal_editor.error_handling - ERROR - handle_ui_error:206 - UIエラー - コンポーネント: TestWidget, エラー: UIエラー
2025-07-18 13:57:36 - fractal_editor.error_handling - ERROR - handle_formula_error:146 - 数式エラー (FormulaValidation): デコレータテスト用エラー
2025-07-18 13:57:36 - fractal_editor.error_handling - ERROR - handle_plugin_error:160 - プラグインエラー - 名前: TestPlugin, パス: /test/path, エラー: プラグインテスト用エラー
2025-07-18 13:57:36 - fractal_editor.error_handling - ERROR - handle_ui_error:206 - UIエラー - コンポーネント: TestComponent, エラー: UIテスト用エラー
2025-07-18 13:57:36 - fractal_editor.error_handling - ERROR - handle_general_error:218 - 一般エラー - コンテキスト: テスト (高品質), エラー: 高品質エラー
Traceback (most recent call last):
  File "C:\TAKAGI\MyCode\kiro_frac\fractal_editor\services\error_context.py", line 123, in general_operation
    yield
  File "C:\TAKAGI\MyCode\kiro_frac\fractal_editor\services\error_context.py", line 256, in graceful_degradation
    return func()
           ^^^^^^
  File "C:\TAKAGI\MyCode\kiro_frac\test_error_context.py", line 255, in high_quality
    raise ValueError("高品質エラー")
ValueError: 高品質エラー
2025-07-18 13:57:36 - fractal_editor.error_handling - ERROR - handle_general_error:218 - 一般エラー - コンテキスト: テスト (中品質), エラー: 中品質エラー
Traceback (most recent call last):
  File "C:\TAKAGI\MyCode\kiro_frac\fractal_editor\services\error_context.py", line 123, in general_operation
    yield
  File "C:\TAKAGI\MyCode\kiro_frac\fractal_editor\services\error_context.py", line 256, in graceful_degradation
    return func()
           ^^^^^^
  File "C:\TAKAGI\MyCode\kiro_frac\test_error_context.py", line 258, in medium_quality
    raise ValueError("中品質エラー")
ValueError: 中品質エラー
2025-07-18 13:57:36 - fractal_editor.error_handling - ERROR - handle_general_error:218 - 一般エラー - コンテキスト: テスト (低品質), エラー: 低品質エラー
Traceback (most recent call last):
  File "C:\TAKAGI\MyCode\kiro_frac\fractal_editor\services\error_context.py", line 123, in general_operation
    yield
  File "C:\TAKAGI\MyCode\kiro_frac\fractal_editor\services\error_context.py", line 256, in graceful_degradation
    return func()
           ^^^^^^
  File "C:\TAKAGI\MyCode\kiro_frac\test_error_context.py", line 261, in low_quality
    raise ValueError("低品質エラー")
ValueError: 低品質エラー
2025-07-18 13:57:36 - fractal_editor.error_handling - ERROR - handle_general_error:218 - 一般エラー - コンテキスト: テスト - 全ての品質レベルで失敗, エラー: 低品質エラー
Traceback (most recent call last):
  File "C:\TAKAGI\MyCode\kiro_frac\fractal_editor\services\error_context.py", line 256, in graceful_degradation
    return func()
           ^^^^^^
  File "C:\TAKAGI\MyCode\kiro_frac\test_error_context.py", line 261, in low_quality
    raise ValueError("低品質エラー")
ValueError: 低品質エラー
2025-07-18 13:57:36 - fractal_editor.error_handling - ERROR - handle_general_error:218 - 一般エラー - コンテキスト: テスト (高品質), エラー: 高品質エラー
Traceback (most recent call last):
  File "C:\TAKAGI\MyCode\kiro_frac\fractal_editor\services\error_context.py", line 123, in general_operation
    yield
  File "C:\TAKAGI\MyCode\kiro_frac\fractal_editor\services\error_context.py", line 256, in graceful_degradation
    return func()
           ^^^^^^
  File "C:\TAKAGI\MyCode\kiro_frac\test_error_context.py", line 239, in high_quality
    raise ValueError("高品質エラー")
ValueError: 高品質エラー
2025-07-18 13:57:36 - fractal_editor.error_handling - ERROR - handle_general_error:218 - 一般エラー - コンテキスト: テスト (中品質), エラー: 中品質エラー
Traceback (most recent call last):
  File "C:\TAKAGI\MyCode\kiro_frac\fractal_editor\services\error_context.py", line 123, in general_operation
    yield
  File "C:\TAKAGI\MyCode\kiro_frac\fractal_editor\services\error_context.py", line 256, in graceful_degradation
    return func()
           ^^^^^^
  File "C:\TAKAGI\MyCode\kiro_frac\test_error_context.py", line 242, in medium_quality
    raise ValueError("中品質エラー")
ValueError: 中品質エラー
2025-07-18 13:57:36 - fractal_editor.error_handling - ERROR - handle_general_error:218 - 一般エラー - コンテキスト: テスト (高品質), エラー: 高品質エラー
Traceback (most recent call last):
  File "C:\TAKAGI\MyCode\kiro_frac\fractal_editor\services\error_context.py", line 123, in general_operation
    yield
  File "C:\TAKAGI\MyCode\kiro_frac\fractal_editor\services\error_context.py", line 256, in graceful_degradation
    return func()
           ^^^^^^
  File "C:\TAKAGI\MyCode\kiro_frac\test_error_context.py", line 223, in high_quality
    raise ValueError("高品質エラー")
ValueError: 高品質エラー
2025-07-18 13:57:36 - fractal_editor.error_handling - ERROR - handle_general_error:218 - 一般エラー - コンテキスト: テスト (試行 1), エラー: 一時的なエラー
Traceback (most recent call last):
  File "C:\TAKAGI\MyCode\kiro_frac\fractal_editor\services\error_context.py", line 123, in general_operation
    yield
  File "C:\TAKAGI\MyCode\kiro_frac\fractal_editor\services\error_context.py", line 223, in retry_with_fallback
    return primary_func()
           ^^^^^^^^^^^^^^
  File "C:\TAKAGI\MyCode\kiro_frac\test_error_context.py", line 179, in primary_func
    raise ValueError("一時的なエラー")
ValueError: 一時的なエラー
2025-07-18 13:57:36 - fractal_editor.error_handling - ERROR - handle_general_error:218 - 一般エラー - コンテキスト: テスト (試行 1), エラー: プライマリエラー
Traceback (most recent call last):
  File "C:\TAKAGI\MyCode\kiro_frac\fractal_editor\services\error_context.py", line 123, in general_operation
    yield
  File "C:\TAKAGI\MyCode\kiro_frac\fractal_editor\services\error_context.py", line 223, in retry_with_fallback
    return primary_func()
           ^^^^^^^^^^^^^^
  File "C:\TAKAGI\MyCode\kiro_frac\test_error_context.py", line 194, in primary_func
    raise ValueError("プライマリエラー")
ValueError: プライマリエラー
2025-07-18 13:57:36 - fractal_editor.error_handling - ERROR - handle_general_error:218 - 一般エラー - コンテキスト: テスト (試行 2), エラー: プライマリエラー
Traceback (most recent call last):
  File "C:\TAKAGI\MyCode\kiro_frac\fractal_editor\services\error_context.py", line 123, in general_operation
    yield
  File "C:\TAKAGI\MyCode\kiro_frac\fractal_editor\services\error_context.py", line 223, in retry_with_fallback
    return primary_func()
           ^^^^^^^^^^^^^^
  File "C:\TAKAGI\MyCode\kiro_frac\test_error_context.py", line 194, in primary_func
    raise ValueError("プライマリエラー")
ValueError: プライマリエラー
2025-07-18 13:57:36 - fractal_editor.error_handling - ERROR - handle_general_error:218 - 一般エラー - コンテキスト: テスト, エラー: エラー
Traceback (most recent call last):
  File "C:\TAKAGI\MyCode\kiro_frac\fractal_editor\services\error_context.py", line 123, in general_operation
    yield
  File "C:\TAKAGI\MyCode\kiro_frac\fractal_editor\services\error_context.py", line 201, in safe_execute
    return func(*args, **kwargs)
           ^^^^^^^^^^^^^^^^^^^^^
  File "C:\TAKAGI\MyCode\kiro_frac\test_error_context.py", line 137, in failure_function
    raise ValueError("エラー")
ValueError: エラー
2025-07-18 13:57:36 - fractal_editor.error_handling - ERROR - handle_general_error:218 - 一般エラー - コンテキスト: テスト, エラー: エラー
Traceback (most recent call last):
  File "C:\TAKAGI\MyCode\kiro_frac\fractal_editor\services\error_context.py", line 123, in general_operation
    yield
  File "C:\TAKAGI\MyCode\kiro_frac\fractal_editor\services\error_context.py", line 201, in safe_execute
    return func(*args, **kwargs)
           ^^^^^^^^^^^^^^^^^^^^^
  File "C:\TAKAGI\MyCode\kiro_frac\test_error_context.py", line 145, in failure_function
    raise ValueError("エラー")
ValueError: エラー
